Log file open, 03/23/23 21:03:13
LogWindows: Failed to load 'aqProf.dll' (GetLastError=126)
LogWindows: File 'aqProf.dll' does not exist
LogWindows: Failed to load 'VtuneApi.dll' (GetLastError=126)
LogWindows: File 'VtuneApi.dll' does not exist
LogWindows: Failed to load 'VtuneApi32e.dll' (GetLastError=126)
LogWindows: File 'VtuneApi32e.dll' does not exist
LogConsoleResponse: Display: Failed to find resolution value strings in scalability ini. Falling back to default.
LogConsoleResponse: Display: Failed to find resolution value strings in scalability ini. Falling back to default.
LogInit: Display: Running engine for game: SolarJump
LogPlatformFile: Not using cached read wrapper
LogTaskGraph: Started task graph with 5 named threads and 23 total threads with 3 sets of task threads.
LogStats: Stats thread started at 1.891640
LogICUInternationalization: ICU TimeZone Detection - Raw Offset: +0:00, Platform Override: ''
LogInit: Display: Loading text-based GConfig....
LogPluginManager: Mounting plugin MeshPainting
LogPluginManager: Mounting plugin XGEController
LogPluginManager: Mounting plugin Paper2D
LogPluginManager: Mounting plugin LiveLink
LogPluginManager: Mounting plugin AISupport
LogPluginManager: Mounting plugin EnvironmentQueryEditor
LogPluginManager: Mounting plugin LightPropagationVolume
LogPluginManager: Mounting plugin GameplayCameras
LogPluginManager: Mounting plugin CameraShakePreviewer
LogPluginManager: Mounting plugin OodleData
LogPluginManager: Mounting plugin OodleNetwork
LogPluginManager: Mounting plugin AnimationSharing
LogPluginManager: Mounting plugin CLionSourceCodeAccess
LogPluginManager: Mounting plugin CodeLiteSourceCodeAccess
LogPluginManager: Mounting plugin GitSourceControl
LogPluginManager: Mounting plugin NullSourceCodeAccess
LogPluginManager: Mounting plugin KDevelopSourceCodeAccess
LogPluginManager: Mounting plugin PerforceSourceControl
LogPluginManager: Mounting plugin PixWinPlugin
LogPluginManager: Mounting plugin PlasticSourceControl
LogPluginManager: Mounting plugin PluginUtils
LogPluginManager: Mounting plugin PropertyAccessNode
LogPluginManager: Mounting plugin RiderSourceCodeAccess
LogPluginManager: Mounting plugin SubversionSourceControl
LogPluginManager: Mounting plugin TextureFormatOodle
LogPluginManager: Mounting plugin UObjectPlugin
LogPluginManager: Mounting plugin VisualStudioCodeSourceCodeAccess
LogPluginManager: Mounting plugin AssetManagerEditor
LogPluginManager: Mounting plugin VisualStudioSourceCodeAccess
LogPluginManager: Mounting plugin XCodeSourceCodeAccess
LogPluginManager: Mounting plugin DataValidation
LogPluginManager: Mounting plugin CryptoKeys
LogPluginManager: Mounting plugin CurveEditorTools
LogPluginManager: Mounting plugin GameplayTagsEditor
LogPluginManager: Mounting plugin FacialAnimation
LogPluginManager: Mounting plugin GeometryMode
LogPluginManager: Mounting plugin MacGraphicsSwitching
LogPluginManager: Mounting plugin MaterialAnalyzer
LogPluginManager: Mounting plugin PluginBrowser
LogPluginManager: Mounting plugin MobileLauncherProfileWizard
LogPluginManager: Mounting plugin SpeedTreeImporter
LogPluginManager: Mounting plugin DatasmithContent
LogPluginManager: Mounting plugin VariantManagerContent
LogPluginManager: Mounting plugin AlembicImporter
LogPluginManager: Mounting plugin AutomationUtils
LogPluginManager: Mounting plugin BackChannel
LogPluginManager: Mounting plugin ChaosCloth
LogPluginManager: Mounting plugin ChaosClothEditor
LogPluginManager: Mounting plugin ChaosEditor
LogPluginManager: Mounting plugin ChaosNiagara
LogPluginManager: Mounting plugin ChaosSolverPlugin
LogPluginManager: Mounting plugin CharacterAI
LogPluginManager: Mounting plugin Niagara
LogPluginManager: Mounting plugin GeometryCache
LogPluginManager: Mounting plugin GeometryProcessing
LogPluginManager: Mounting plugin GeometryCollectionPlugin
LogPluginManager: Mounting plugin MotoSynth
LogPluginManager: Mounting plugin OpenImageDenoise
LogPluginManager: Mounting plugin PlanarCut
LogPluginManager: Mounting plugin ProxyLODPlugin
LogPluginManager: Mounting plugin PlatformCrypto
LogPluginManager: Mounting plugin PythonScriptPlugin
LogPluginManager: Mounting plugin SkeletalReduction
LogPluginManager: Mounting plugin LuminPlatformFeatures
LogPluginManager: Mounting plugin MagicLeap
LogPluginManager: Mounting plugin MagicLeapLightEstimation
LogPluginManager: Mounting plugin MagicLeapMedia
LogPluginManager: Mounting plugin MagicLeapPassableWorld
LogPluginManager: Mounting plugin MLSDK
LogPluginManager: Mounting plugin AndroidMedia
LogPluginManager: Mounting plugin AvfMedia
LogPluginManager: Mounting plugin ImgMedia
LogPluginManager: Mounting plugin MediaCompositing
LogPluginManager: Mounting plugin MediaPlayerEditor
LogPluginManager: Mounting plugin WmfMedia
LogPluginManager: Mounting plugin WebMMedia
LogPluginManager: Mounting plugin TcpMessaging
LogPluginManager: Mounting plugin UdpMessaging
LogPluginManager: Mounting plugin ActorSequence
LogPluginManager: Mounting plugin LevelSequenceEditor
LogPluginManager: Mounting plugin MatineeToLevelSequence
LogPluginManager: Mounting plugin TemplateSequence
LogPluginManager: Mounting plugin OnlineSubsystem
LogPluginManager: Mounting plugin OnlineSubsystemNull
LogPluginManager: Mounting plugin LauncherChunkInstaller
LogPluginManager: Mounting plugin OnlineSubsystemUtils
LogPluginManager: Mounting plugin ScreenshotTools
LogPluginManager: Mounting plugin Takes
LogPluginManager: Mounting plugin ActorLayerUtilities
LogPluginManager: Mounting plugin AndroidDeviceProfileSelector
LogPluginManager: Mounting plugin AndroidMoviePlayer
LogPluginManager: Mounting plugin AndroidPermission
LogPluginManager: Mounting plugin AppleImageUtils
LogPluginManager: Mounting plugin AppleMoviePlayer
LogPluginManager: Mounting plugin ArchVisCharacter
LogPluginManager: Mounting plugin AssetTags
LogPluginManager: Mounting plugin AudioCapture
LogPluginManager: Mounting plugin AudioSynesthesia
LogPluginManager: Mounting plugin CableComponent
LogPluginManager: Mounting plugin ChunkDownloader
LogPluginManager: Mounting plugin CustomMeshComponent
LogPluginManager: Mounting plugin EditableMesh
LogPluginManager: Mounting plugin ExampleDeviceProfileSelector
LogPluginManager: Mounting plugin GoogleCloudMessaging
LogPluginManager: Mounting plugin GooglePAD
LogPluginManager: Mounting plugin IOSDeviceProfileSelector
LogPluginManager: Mounting plugin LinuxDeviceProfileSelector
LogPluginManager: Mounting plugin MobilePatchingUtils
LogPluginManager: Mounting plugin LocationServicesBPLibrary
LogPluginManager: Mounting plugin OpenXR
LogPluginManager: Mounting plugin OpenXREyeTracker
LogPluginManager: Mounting plugin OpenXRHandTracking
LogPluginManager: Mounting plugin PhysXVehicles
LogPluginManager: Mounting plugin PostSplashScreen
LogPluginManager: Mounting plugin ProceduralMeshComponent
LogPluginManager: Mounting plugin PropertyAccessEditor
LogPluginManager: Mounting plugin RuntimePhysXCooking
LogPluginManager: Mounting plugin SignificanceManager
LogPluginManager: Mounting plugin SoundFields
LogPluginManager: Mounting plugin Synthesis
LogPluginManager: Mounting plugin WebMMoviePlayer
LogPluginManager: Mounting plugin WindowsMoviePlayer
LogPluginManager: Mounting plugin ContentBrowserAssetDataSource
LogPluginManager: Mounting plugin ContentBrowserClassDataSource
LogPluginManager: Mounting plugin ContentBrowserFileDataSource
LogPluginManager: Mounting plugin OnlineSubsystemGooglePlay
LogPluginManager: Mounting plugin OnlineSubsystemIOS
LogPluginManager: Mounting plugin OculusVR
LogPluginManager: Mounting plugin SteamVR
PixWinPlugin: PIX capture plugin failed to initialize! Check that the process is launched from PIX.
LogInit: Using libcurl 7.55.1-DEV
LogInit:  - built for x86_64-pc-win32
LogInit:  - supports SSL with OpenSSL/1.1.1
LogInit:  - supports HTTP deflate (compression) using libz 1.2.8
LogInit:  - other features:
LogInit:      CURL_VERSION_SSL
LogInit:      CURL_VERSION_LIBZ
LogInit:      CURL_VERSION_IPV6
LogInit:      CURL_VERSION_ASYNCHDNS
LogInit:      CURL_VERSION_LARGEFILE
LogInit:      CURL_VERSION_IDN
LogInit:  CurlRequestOptions (configurable via config and command line):
LogInit:  - bVerifyPeer = true  - Libcurl will verify peer certificate
LogInit:  - bUseHttpProxy = false  - Libcurl will NOT use HTTP proxy
LogInit:  - bDontReuseConnections = false  - Libcurl will reuse connections
LogInit:  - MaxHostConnections = 16  - Libcurl will limit the number of connections to a host
LogInit:  - LocalHostAddr = Default
LogInit:  - BufferSize = 65536
LogOnline: OSS: Creating online subsystem instance for: NULL
LogInit: WinSock: version 1.1 (2.2), MaxSocks=32767, MaxUdp=65467
LogOnline: OSS: TryLoadSubsystemAndSetDefault: Loaded subsystem for module [NULL]
LogOculusPluginWrapper: OculusPlugin initialized successfully
LogHMD: Failed initializing OVRPlugin 1.59.0
LogInit: Build: ++UE4+Release-4.27-CL-18319896
LogInit: Engine Version: 4.27.2-18319896+++UE4+Release-4.27
LogInit: Compatible Engine Version: 4.27.0-17155196+++UE4+Release-4.27
LogInit: Net CL: 17155196
LogInit: OS: Windows 10 (Release 2009) (), CPU: AMD Ryzen 5 3400G with Radeon Vega Graphics    , GPU: NVIDIA GeForce GTX 1650
LogInit: Compiled (64-bit): Nov 30 2021 07:12:08
LogInit: Compiled with Visual C++: 19.24.28315.00
LogInit: Build Configuration: Development
LogInit: Branch Name: ++UE4+Release-4.27
LogInit: Command Line: 
LogInit: Base Directory: D:/UE_4.27/Engine/Binaries/Win64/
LogInit: Allocator: TBB
LogInit: Installed Engine Build: 1
LogDevObjectVersion: Number of dev versions registered: 29
LogDevObjectVersion:   Dev-Blueprints (B0D832E4-1F89-4F0D-ACCF-7EB736FD4AA2): 10
LogDevObjectVersion:   Dev-Build (E1C64328-A22C-4D53-A36C-8E866417BD8C): 0
LogDevObjectVersion:   Dev-Core (375EC13C-06E4-48FB-B500-84F0262A717E): 4
LogDevObjectVersion:   Dev-Editor (E4B068ED-F494-42E9-A231-DA0B2E46BB41): 40
LogDevObjectVersion:   Dev-Framework (CFFC743F-43B0-4480-9391-14DF171D2073): 37
LogDevObjectVersion:   Dev-Mobile (B02B49B5-BB20-44E9-A304-32B752E40360): 3
LogDevObjectVersion:   Dev-Networking (A4E4105C-59A1-49B5-A7C5-40C4547EDFEE): 0
LogDevObjectVersion:   Dev-Online (39C831C9-5AE6-47DC-9A44-9C173E1C8E7C): 0
LogDevObjectVersion:   Dev-Physics (78F01B33-EBEA-4F98-B9B4-84EACCB95AA2): 14
LogDevObjectVersion:   Dev-Platform (6631380F-2D4D-43E0-8009-CF276956A95A): 0
LogDevObjectVersion:   Dev-Rendering (12F88B9F-8875-4AFC-A67C-D90C383ABD29): 45
LogDevObjectVersion:   Dev-Sequencer (7B5AE74C-D270-4C10-A958-57980B212A5A): 13
LogDevObjectVersion:   Dev-VR (D7296918-1DD6-4BDD-9DE2-64A83CC13884): 3
LogDevObjectVersion:   Dev-LoadTimes (C2A15278-BFE7-4AFE-6C17-90FF531DF755): 1
LogDevObjectVersion:   Private-Geometry (6EACA3D4-40EC-4CC1-B786-8BED09428FC5): 3
LogDevObjectVersion:   Dev-AnimPhys (29E575DD-E0A3-4627-9D10-D276232CDCEA): 17
LogDevObjectVersion:   Dev-Anim (AF43A65D-7FD3-4947-9873-3E8ED9C1BB05): 15
LogDevObjectVersion:   Dev-ReflectionCapture (6B266CEC-1EC7-4B8F-A30B-E4D90942FC07): 1
LogDevObjectVersion:   Dev-Automation (0DF73D61-A23F-47EA-B727-89E90C41499A): 1
LogDevObjectVersion:   FortniteMain (601D1886-AC64-4F84-AA16-D3DE0DEAC7D6): 47
LogDevObjectVersion:   FortniteRelease (E7086368-6B23-4C58-8439-1B7016265E91): 1
LogDevObjectVersion:   Dev-Enterprise (9DFFBCD6-494F-0158-E221-12823C92A888): 10
LogDevObjectVersion:   Dev-Niagara (F2AED0AC-9AFE-416F-8664-AA7FFA26D6FC): 1
LogDevObjectVersion:   Dev-Destruction (174F1F0B-B4C6-45A5-B13F-2EE8D0FB917D): 10
LogDevObjectVersion:   Dev-Physics-Ext (35F94A83-E258-406C-A318-09F59610247C): 41
LogDevObjectVersion:   Dev-PhysicsMaterial-Chaos (B68FC16E-8B1B-42E2-B453-215C058844FE): 1
LogDevObjectVersion:   Dev-CineCamera (B2E18506-4273-CFC2-A54E-F4BB758BBA07): 1
LogDevObjectVersion:   Dev-VirtualProduction (64F58936-FD1B-42BA-BA96-7289D5D0FA4E): 1
LogDevObjectVersion:   Dev-MediaFramework (6F0ED827-A609-4895-9C91-998D90180EA4): 2
LogInit: Presizing for max 25165824 objects, including 0 objects not considered by GC, pre-allocating 0 bytes for permanent pool.
LogConfig: Applying CVar settings from Section [/Script/Engine.StreamingSettings] File [C:/Users/Neshka/Documents/GitHub/3D-Game-repository/SolarJump/Saved/Config/Windows/Engine.ini]
LogConfig: Setting CVar [[s.MinBulkDataSizeForAsyncLoading:131072]]
LogConfig: Setting CVar [[s.AsyncLoadingThreadEnabled:0]]
LogConfig: Setting CVar [[s.EventDrivenLoaderEnabled:1]]
LogConfig: Setting CVar [[s.WarnIfTimeLimitExceeded:0]]
LogConfig: Setting CVar [[s.TimeLimitExceededMultiplier:1.5]]
LogConfig: Setting CVar [[s.TimeLimitExceededMinTime:0.005]]
LogConfig: Setting CVar [[s.UseBackgroundLevelStreaming:1]]
LogConfig: Setting CVar [[s.PriorityAsyncLoadingExtraTime:15.0]]
LogConfig: Setting CVar [[s.LevelStreamingActorsUpdateTimeLimit:5.0]]
LogConfig: Setting CVar [[s.PriorityLevelStreamingActorsUpdateExtraTime:5.0]]
LogConfig: Setting CVar [[s.LevelStreamingComponentsRegistrationGranularity:10]]
LogConfig: Setting CVar [[s.UnregisterComponentsTimeLimit:1.0]]
LogConfig: Setting CVar [[s.LevelStreamingComponentsUnregistrationGranularity:5]]
LogConfig: Setting CVar [[s.FlushStreamingOnExit:1]]
LogInit: Object subsystem initialized
LogConfig: Setting CVar [[con.DebugEarlyDefault:1]]
LogConfig: Setting CVar [[r.setres:1280x720]]
[2023.03.23-21.03.15:789][  0]LogConfig: Setting CVar [[r.VSync:0]]
[2023.03.23-21.03.15:789][  0]LogConfig: Setting CVar [[r.RHICmdBypass:0]]
[2023.03.23-21.03.15:789][  0]LogConfig: Applying CVar settings from Section [/Script/Engine.RendererSettings] File [C:/Users/Neshka/Documents/GitHub/3D-Game-repository/SolarJump/Saved/Config/Windows/Engine.ini]
[2023.03.23-21.03.15:789][  0]LogConfig: Setting CVar [[r.GPUCrashDebugging:0]]
[2023.03.23-21.03.15:789][  0]LogConfig: Applying CVar settings from Section [/Script/Engine.RendererOverrideSettings] File [C:/Users/Neshka/Documents/GitHub/3D-Game-repository/SolarJump/Saved/Config/Windows/Engine.ini]
[2023.03.23-21.03.15:789][  0]LogConfig: Applying CVar settings from Section [/Script/Engine.StreamingSettings] File [C:/Users/Neshka/Documents/GitHub/3D-Game-repository/SolarJump/Saved/Config/Windows/Engine.ini]
[2023.03.23-21.03.15:789][  0]LogConfig: Setting CVar [[s.MinBulkDataSizeForAsyncLoading:131072]]
[2023.03.23-21.03.15:789][  0]LogConfig: Setting CVar [[s.AsyncLoadingThreadEnabled:0]]
[2023.03.23-21.03.15:789][  0]LogConfig: Setting CVar [[s.EventDrivenLoaderEnabled:1]]
[2023.03.23-21.03.15:789][  0]LogConfig: Setting CVar [[s.WarnIfTimeLimitExceeded:0]]
[2023.03.23-21.03.15:789][  0]LogConfig: Setting CVar [[s.TimeLimitExceededMultiplier:1.5]]
[2023.03.23-21.03.15:789][  0]LogConfig: Setting CVar [[s.TimeLimitExceededMinTime:0.005]]
[2023.03.23-21.03.15:789][  0]LogConfig: Setting CVar [[s.UseBackgroundLevelStreaming:1]]
[2023.03.23-21.03.15:789][  0]LogConfig: Setting CVar [[s.PriorityAsyncLoadingExtraTime:15.0]]
[2023.03.23-21.03.15:789][  0]LogConfig: Setting CVar [[s.LevelStreamingActorsUpdateTimeLimit:5.0]]
[2023.03.23-21.03.15:789][  0]LogConfig: Setting CVar [[s.PriorityLevelStreamingActorsUpdateExtraTime:5.0]]
[2023.03.23-21.03.15:789][  0]LogConfig: Setting CVar [[s.LevelStreamingComponentsRegistrationGranularity:10]]
[2023.03.23-21.03.15:789][  0]LogConfig: Setting CVar [[s.UnregisterComponentsTimeLimit:1.0]]
[2023.03.23-21.03.15:789][  0]LogConfig: Setting CVar [[s.LevelStreamingComponentsUnregistrationGranularity:5]]
[2023.03.23-21.03.15:789][  0]LogConfig: Setting CVar [[s.FlushStreamingOnExit:1]]
[2023.03.23-21.03.15:789][  0]LogConfig: Applying CVar settings from Section [/Script/Engine.GarbageCollectionSettings] File [C:/Users/Neshka/Documents/GitHub/3D-Game-repository/SolarJump/Saved/Config/Windows/Engine.ini]
[2023.03.23-21.03.15:789][  0]LogConfig: Setting CVar [[gc.MaxObjectsNotConsideredByGC:1]]
[2023.03.23-21.03.15:789][  0]LogConfig: Setting CVar [[gc.SizeOfPermanentObjectPool:0]]
[2023.03.23-21.03.15:789][  0]LogConfig: Setting CVar [[gc.FlushStreamingOnGC:0]]
[2023.03.23-21.03.15:789][  0]LogConfig: Setting CVar [[gc.NumRetriesBeforeForcingGC:10]]
[2023.03.23-21.03.15:789][  0]LogConfig: Setting CVar [[gc.AllowParallelGC:1]]
[2023.03.23-21.03.15:789][  0]LogConfig: Setting CVar [[gc.TimeBetweenPurgingPendingKillObjects:61.1]]
[2023.03.23-21.03.15:789][  0]LogConfig: Setting CVar [[gc.MaxObjectsInEditor:25165824]]
[2023.03.23-21.03.15:789][  0]LogConfig: Setting CVar [[gc.IncrementalBeginDestroyEnabled:1]]
[2023.03.23-21.03.15:789][  0]LogConfig: Setting CVar [[gc.CreateGCClusters:1]]
[2023.03.23-21.03.15:789][  0]LogConfig: Setting CVar [[gc.MinGCClusterSize:5]]
[2023.03.23-21.03.15:789][  0]LogConfig: Setting CVar [[gc.ActorClusteringEnabled:0]]
[2023.03.23-21.03.15:789][  0]LogConfig: Setting CVar [[gc.BlueprintClusteringEnabled:0]]
[2023.03.23-21.03.15:789][  0]LogConfig: Setting CVar [[gc.UseDisregardForGCOnDedicatedServers:0]]
[2023.03.23-21.03.15:789][  0]LogConfig: Setting CVar [[gc.MultithreadedDestructionEnabled:1]]
[2023.03.23-21.03.15:789][  0]LogConfig: Applying CVar settings from Section [/Script/Engine.NetworkSettings] File [C:/Users/Neshka/Documents/GitHub/3D-Game-repository/SolarJump/Saved/Config/Windows/Engine.ini]
[2023.03.23-21.03.15:789][  0]LogConfig: Applying CVar settings from Section [/Script/UnrealEd.CookerSettings] File [C:/Users/Neshka/Documents/GitHub/3D-Game-repository/SolarJump/Saved/Config/Windows/Engine.ini]
[2023.03.23-21.03.15:816][  0]LogConfig: Applying CVar settings from Section [ViewDistanceQuality@3] File [C:/Users/Neshka/Documents/GitHub/3D-Game-repository/SolarJump/Saved/Config/Windows/Scalability.ini]
[2023.03.23-21.03.15:816][  0]LogConfig: Setting CVar [[r.SkeletalMeshLODBias:0]]
[2023.03.23-21.03.15:816][  0]LogConfig: Setting CVar [[r.ViewDistanceScale:1.0]]
[2023.03.23-21.03.15:816][  0]LogConfig: Applying CVar settings from Section [AntiAliasingQuality@3] File [C:/Users/Neshka/Documents/GitHub/3D-Game-repository/SolarJump/Saved/Config/Windows/Scalability.ini]
[2023.03.23-21.03.15:816][  0]LogConfig: Setting CVar [[r.PostProcessAAQuality:4]]
[2023.03.23-21.03.15:816][  0]LogConfig: Applying CVar settings from Section [ShadowQuality@3] File [C:/Users/Neshka/Documents/GitHub/3D-Game-repository/SolarJump/Saved/Config/Windows/Scalability.ini]
[2023.03.23-21.03.15:816][  0]LogConfig: Setting CVar [[r.LightFunctionQuality:1]]
[2023.03.23-21.03.15:816][  0]LogConfig: Setting CVar [[r.ShadowQuality:5]]
[2023.03.23-21.03.15:816][  0]LogConfig: Setting CVar [[r.Shadow.CSM.MaxCascades:10]]
[2023.03.23-21.03.15:816][  0]LogConfig: Setting CVar [[r.Shadow.MaxResolution:2048]]
[2023.03.23-21.03.15:816][  0]LogConfig: Setting CVar [[r.Shadow.MaxCSMResolution:2048]]
[2023.03.23-21.03.15:816][  0]LogConfig: Setting CVar [[r.Shadow.RadiusThreshold:0.01]]
[2023.03.23-21.03.15:816][  0]LogConfig: Setting CVar [[r.Shadow.DistanceScale:1.0]]
[2023.03.23-21.03.15:816][  0]LogConfig: Setting CVar [[r.Shadow.CSM.TransitionScale:1.0]]
[2023.03.23-21.03.15:816][  0]LogConfig: Setting CVar [[r.Shadow.PreShadowResolutionFactor:1.0]]
[2023.03.23-21.03.15:816][  0]LogConfig: Setting CVar [[r.DistanceFieldShadowing:1]]
[2023.03.23-21.03.15:816][  0]LogConfig: Setting CVar [[r.DistanceFieldAO:1]]
[2023.03.23-21.03.15:816][  0]LogConfig: Setting CVar [[r.AOQuality:2]]
[2023.03.23-21.03.15:816][  0]LogConfig: Setting CVar [[r.VolumetricFog:1]]
[2023.03.23-21.03.15:816][  0]LogConfig: Setting CVar [[r.VolumetricFog.GridPixelSize:8]]
[2023.03.23-21.03.15:816][  0]LogConfig: Setting CVar [[r.VolumetricFog.GridSizeZ:128]]
[2023.03.23-21.03.15:816][  0]LogConfig: Setting CVar [[r.VolumetricFog.HistoryMissSupersampleCount:4]]
[2023.03.23-21.03.15:816][  0]LogConfig: Setting CVar [[r.LightMaxDrawDistanceScale:1]]
[2023.03.23-21.03.15:816][  0]LogConfig: Setting CVar [[r.CapsuleShadows:1]]
[2023.03.23-21.03.15:816][  0]LogConfig: Applying CVar settings from Section [PostProcessQuality@3] File [C:/Users/Neshka/Documents/GitHub/3D-Game-repository/SolarJump/Saved/Config/Windows/Scalability.ini]
[2023.03.23-21.03.15:817][  0]LogConfig: Setting CVar [[r.MotionBlurQuality:4]]
[2023.03.23-21.03.15:817][  0]LogConfig: Setting CVar [[r.AmbientOcclusionMipLevelFactor:0.4]]
[2023.03.23-21.03.15:817][  0]LogConfig: Setting CVar [[r.AmbientOcclusionMaxQuality:100]]
[2023.03.23-21.03.15:817][  0]LogConfig: Setting CVar [[r.AmbientOcclusionLevels:-1]]
[2023.03.23-21.03.15:817][  0]LogConfig: Setting CVar [[r.AmbientOcclusionRadiusScale:1.0]]
[2023.03.23-21.03.15:817][  0]LogConfig: Setting CVar [[r.DepthOfFieldQuality:2]]
[2023.03.23-21.03.15:817][  0]LogConfig: Setting CVar [[r.RenderTargetPoolMin:400]]
[2023.03.23-21.03.15:817][  0]LogConfig: Setting CVar [[r.LensFlareQuality:2]]
[2023.03.23-21.03.15:817][  0]LogConfig: Setting CVar [[r.SceneColorFringeQuality:1]]
[2023.03.23-21.03.15:817][  0]LogConfig: Setting CVar [[r.EyeAdaptationQuality:2]]
[2023.03.23-21.03.15:817][  0]LogConfig: Setting CVar [[r.BloomQuality:5]]
[2023.03.23-21.03.15:817][  0]LogConfig: Setting CVar [[r.FastBlurThreshold:100]]
[2023.03.23-21.03.15:817][  0]LogConfig: Setting CVar [[r.Upscale.Quality:3]]
[2023.03.23-21.03.15:817][  0]LogConfig: Setting CVar [[r.Tonemapper.GrainQuantization:1]]
[2023.03.23-21.03.15:817][  0]LogConfig: Setting CVar [[r.LightShaftQuality:1]]
[2023.03.23-21.03.15:817][  0]LogConfig: Setting CVar [[r.Filter.SizeScale:1]]
[2023.03.23-21.03.15:817][  0]LogConfig: Setting CVar [[r.Tonemapper.Quality:5]]
[2023.03.23-21.03.15:817][  0]LogConfig: Setting CVar [[r.DOF.Gather.AccumulatorQuality:1        ; higher gathering accumulator quality]]
[2023.03.23-21.03.15:817][  0]LogConfig: Setting CVar [[r.DOF.Gather.PostfilterMethod:1          ; Median3x3 postfilering method]]
[2023.03.23-21.03.15:817][  0]LogConfig: Setting CVar [[r.DOF.Gather.EnableBokehSettings:0       ; no bokeh simulation when gathering]]
[2023.03.23-21.03.15:817][  0]LogConfig: Setting CVar [[r.DOF.Gather.RingCount:4                 ; medium number of samples when gathering]]
[2023.03.23-21.03.15:817][  0]LogConfig: Setting CVar [[r.DOF.Scatter.ForegroundCompositing:1    ; additive foreground scattering]]
[2023.03.23-21.03.15:817][  0]LogConfig: Setting CVar [[r.DOF.Scatter.BackgroundCompositing:2    ; additive background scattering]]
[2023.03.23-21.03.15:817][  0]LogConfig: Setting CVar [[r.DOF.Scatter.EnableBokehSettings:1      ; bokeh simulation when scattering]]
[2023.03.23-21.03.15:817][  0]LogConfig: Setting CVar [[r.DOF.Scatter.MaxSpriteRatio:0.1         ; only a maximum of 10% of scattered bokeh]]
[2023.03.23-21.03.15:817][  0]LogConfig: Setting CVar [[r.DOF.Recombine.Quality:1                ; cheap slight out of focus]]
[2023.03.23-21.03.15:817][  0]LogConfig: Setting CVar [[r.DOF.Recombine.EnableBokehSettings:0    ; no bokeh simulation on slight out of focus]]
[2023.03.23-21.03.15:817][  0]LogConfig: Setting CVar [[r.DOF.TemporalAAQuality:1                ; more stable temporal accumulation]]
[2023.03.23-21.03.15:817][  0]LogConfig: Setting CVar [[r.DOF.Kernel.MaxForegroundRadius:0.025]]
[2023.03.23-21.03.15:817][  0]LogConfig: Setting CVar [[r.DOF.Kernel.MaxBackgroundRadius:0.025]]
[2023.03.23-21.03.15:817][  0]LogConfig: Applying CVar settings from Section [TextureQuality@3] File [C:/Users/Neshka/Documents/GitHub/3D-Game-repository/SolarJump/Saved/Config/Windows/Scalability.ini]
[2023.03.23-21.03.15:817][  0]LogConfig: Setting CVar [[r.Streaming.MipBias:0]]
[2023.03.23-21.03.15:817][  0]LogConfig: Setting CVar [[r.Streaming.AmortizeCPUToGPUCopy:0]]
[2023.03.23-21.03.15:817][  0]LogConfig: Setting CVar [[r.Streaming.MaxNumTexturesToStreamPerFrame:0]]
[2023.03.23-21.03.15:817][  0]LogConfig: Setting CVar [[r.Streaming.Boost:1]]
[2023.03.23-21.03.15:817][  0]LogConfig: Setting CVar [[r.MaxAnisotropy:8]]
[2023.03.23-21.03.15:817][  0]LogConfig: Setting CVar [[r.VT.MaxAnisotropy:8]]
[2023.03.23-21.03.15:817][  0]LogConfig: Setting CVar [[r.Streaming.LimitPoolSizeToVRAM:0]]
[2023.03.23-21.03.15:817][  0]LogConfig: Setting CVar [[r.Streaming.PoolSize:1000]]
[2023.03.23-21.03.15:817][  0]LogConfig: Setting CVar [[r.Streaming.MaxEffectiveScreenSize:0]]
[2023.03.23-21.03.15:817][  0]LogConfig: Applying CVar settings from Section [EffectsQuality@3] File [C:/Users/Neshka/Documents/GitHub/3D-Game-repository/SolarJump/Saved/Config/Windows/Scalability.ini]
[2023.03.23-21.03.15:817][  0]LogConfig: Setting CVar [[r.TranslucencyLightingVolumeDim:64]]
[2023.03.23-21.03.15:817][  0]LogConfig: Setting CVar [[r.RefractionQuality:2]]
[2023.03.23-21.03.15:817][  0]LogConfig: Setting CVar [[r.SSR.Quality:3]]
[2023.03.23-21.03.15:817][  0]LogConfig: Setting CVar [[r.SSR.HalfResSceneColor:0]]
[2023.03.23-21.03.15:817][  0]LogConfig: Setting CVar [[r.SceneColorFormat:4]]
[2023.03.23-21.03.15:817][  0]LogConfig: Setting CVar [[r.DetailMode:2]]
[2023.03.23-21.03.15:817][  0]LogConfig: Setting CVar [[r.TranslucencyVolumeBlur:1]]
[2023.03.23-21.03.15:817][  0]LogConfig: Setting CVar [[r.MaterialQualityLevel:1 ; High quality]]
[2023.03.23-21.03.15:817][  0]LogConfig: Setting CVar [[r.AnisotropicMaterials:1]]
[2023.03.23-21.03.15:817][  0]LogConfig: Setting CVar [[r.SSS.Scale:1]]
[2023.03.23-21.03.15:817][  0]LogConfig: Setting CVar [[r.SSS.SampleSet:2]]
[2023.03.23-21.03.15:817][  0]LogConfig: Setting CVar [[r.SSS.Quality:1]]
[2023.03.23-21.03.15:817][  0]LogConfig: Setting CVar [[r.SSS.HalfRes:0]]
[2023.03.23-21.03.15:817][  0]LogConfig: Setting CVar [[r.SSGI.Quality:3]]
[2023.03.23-21.03.15:817][  0]LogConfig: Setting CVar [[r.EmitterSpawnRateScale:1.0]]
[2023.03.23-21.03.15:817][  0]LogConfig: Setting CVar [[r.ParticleLightQuality:2]]
[2023.03.23-21.03.15:817][  0]LogConfig: Setting CVar [[r.SkyAtmosphere.AerialPerspectiveLUT.FastApplyOnOpaque:1 ; Always have FastSkyLUT 1 in this case to avoid wrong sky]]
[2023.03.23-21.03.15:817][  0]LogConfig: Setting CVar [[r.SkyAtmosphere.AerialPerspectiveLUT.SampleCountMaxPerSlice:4]]
[2023.03.23-21.03.15:817][  0]LogConfig: Setting CVar [[r.SkyAtmosphere.AerialPerspectiveLUT.DepthResolution:16.0]]
[2023.03.23-21.03.15:817][  0]LogConfig: Setting CVar [[r.SkyAtmosphere.FastSkyLUT:1]]
[2023.03.23-21.03.15:817][  0]LogConfig: Setting CVar [[r.SkyAtmosphere.FastSkyLUT.SampleCountMin:4.0]]
[2023.03.23-21.03.15:817][  0]LogConfig: Setting CVar [[r.SkyAtmosphere.FastSkyLUT.SampleCountMax:128.0]]
[2023.03.23-21.03.15:817][  0]LogConfig: Setting CVar [[r.SkyAtmosphere.SampleCountMin:4.0]]
[2023.03.23-21.03.15:817][  0]LogConfig: Setting CVar [[r.SkyAtmosphere.SampleCountMax:128.0]]
[2023.03.23-21.03.15:817][  0]LogConfig: Setting CVar [[r.SkyAtmosphere.TransmittanceLUT.UseSmallFormat:0]]
[2023.03.23-21.03.15:818][  0]LogConfig: Setting CVar [[r.SkyAtmosphere.TransmittanceLUT.SampleCount:10.0]]
[2023.03.23-21.03.15:818][  0]LogConfig: Setting CVar [[r.SkyAtmosphere.MultiScatteringLUT.SampleCount:15.0]]
[2023.03.23-21.03.15:818][  0]LogConfig: Setting CVar [[r.SkyLight.RealTimeReflectionCapture:1]]
[2023.03.23-21.03.15:818][  0]LogConfig: Applying CVar settings from Section [FoliageQuality@3] File [C:/Users/Neshka/Documents/GitHub/3D-Game-repository/SolarJump/Saved/Config/Windows/Scalability.ini]
[2023.03.23-21.03.15:818][  0]LogConfig: Setting CVar [[foliage.DensityScale:1.0]]
[2023.03.23-21.03.15:818][  0]LogConfig: Setting CVar [[grass.DensityScale:1.0]]
[2023.03.23-21.03.15:818][  0]LogConfig: Applying CVar settings from Section [ShadingQuality@3] File [C:/Users/Neshka/Documents/GitHub/3D-Game-repository/SolarJump/Saved/Config/Windows/Scalability.ini]
[2023.03.23-21.03.15:818][  0]LogConfig: Setting CVar [[r.HairStrands.SkyLighting.IntegrationType:2]]
[2023.03.23-21.03.15:818][  0]LogConfig: Setting CVar [[r.HairStrands.SkyAO.SampleCount:4]]
[2023.03.23-21.03.15:818][  0]LogConfig: Setting CVar [[r.HairStrands.Visibility.MSAA.SamplePerPixel:4]]
[2023.03.23-21.03.15:818][  0]LogInit: Selected Device Profile: [Windows]
[2023.03.23-21.03.15:818][  0]LogInit: Applying CVar settings loaded from the selected device profile: [Windows]
[2023.03.23-21.03.15:818][  0]LogHAL: Display: Platform has ~ 14 GB [14954258432 / 17179869184 / 14], which maps to Larger [LargestMinGB=32, LargerMinGB=12, DefaultMinGB=8, SmallerMinGB=6, SmallestMinGB=0)
[2023.03.23-21.03.15:818][  0]LogInit: Going up to parent DeviceProfile []
[2023.03.23-21.03.15:818][  0]LogConfig: Applying CVar settings from Section [ViewDistanceQuality@3] File [C:/Users/Neshka/Documents/GitHub/3D-Game-repository/SolarJump/Saved/Config/Windows/Scalability.ini]
[2023.03.23-21.03.15:818][  0]LogConfig: Setting CVar [[r.SkeletalMeshLODBias:0]]
[2023.03.23-21.03.15:818][  0]LogConfig: Setting CVar [[r.ViewDistanceScale:1.0]]
[2023.03.23-21.03.15:818][  0]LogConfig: Applying CVar settings from Section [AntiAliasingQuality@3] File [C:/Users/Neshka/Documents/GitHub/3D-Game-repository/SolarJump/Saved/Config/Windows/Scalability.ini]
[2023.03.23-21.03.15:818][  0]LogConfig: Setting CVar [[r.PostProcessAAQuality:4]]
[2023.03.23-21.03.15:818][  0]LogConfig: Applying CVar settings from Section [ShadowQuality@3] File [C:/Users/Neshka/Documents/GitHub/3D-Game-repository/SolarJump/Saved/Config/Windows/Scalability.ini]
[2023.03.23-21.03.15:818][  0]LogConfig: Setting CVar [[r.LightFunctionQuality:1]]
[2023.03.23-21.03.15:818][  0]LogConfig: Setting CVar [[r.ShadowQuality:5]]
[2023.03.23-21.03.15:818][  0]LogConfig: Setting CVar [[r.Shadow.CSM.MaxCascades:10]]
[2023.03.23-21.03.15:818][  0]LogConfig: Setting CVar [[r.Shadow.MaxResolution:2048]]
[2023.03.23-21.03.15:818][  0]LogConfig: Setting CVar [[r.Shadow.MaxCSMResolution:2048]]
[2023.03.23-21.03.15:818][  0]LogConfig: Setting CVar [[r.Shadow.RadiusThreshold:0.01]]
[2023.03.23-21.03.15:818][  0]LogConfig: Setting CVar [[r.Shadow.DistanceScale:1.0]]
[2023.03.23-21.03.15:818][  0]LogConfig: Setting CVar [[r.Shadow.CSM.TransitionScale:1.0]]
[2023.03.23-21.03.15:818][  0]LogConfig: Setting CVar [[r.Shadow.PreShadowResolutionFactor:1.0]]
[2023.03.23-21.03.15:818][  0]LogConfig: Setting CVar [[r.DistanceFieldShadowing:1]]
[2023.03.23-21.03.15:818][  0]LogConfig: Setting CVar [[r.DistanceFieldAO:1]]
[2023.03.23-21.03.15:818][  0]LogConfig: Setting CVar [[r.AOQuality:2]]
[2023.03.23-21.03.15:818][  0]LogConfig: Setting CVar [[r.VolumetricFog:1]]
[2023.03.23-21.03.15:818][  0]LogConfig: Setting CVar [[r.VolumetricFog.GridPixelSize:8]]
[2023.03.23-21.03.15:818][  0]LogConfig: Setting CVar [[r.VolumetricFog.GridSizeZ:128]]
[2023.03.23-21.03.15:818][  0]LogConfig: Setting CVar [[r.VolumetricFog.HistoryMissSupersampleCount:4]]
[2023.03.23-21.03.15:818][  0]LogConfig: Setting CVar [[r.LightMaxDrawDistanceScale:1]]
[2023.03.23-21.03.15:818][  0]LogConfig: Setting CVar [[r.CapsuleShadows:1]]
[2023.03.23-21.03.15:818][  0]LogConfig: Applying CVar settings from Section [PostProcessQuality@3] File [C:/Users/Neshka/Documents/GitHub/3D-Game-repository/SolarJump/Saved/Config/Windows/Scalability.ini]
[2023.03.23-21.03.15:818][  0]LogConfig: Setting CVar [[r.MotionBlurQuality:4]]
[2023.03.23-21.03.15:818][  0]LogConfig: Setting CVar [[r.AmbientOcclusionMipLevelFactor:0.4]]
[2023.03.23-21.03.15:818][  0]LogConfig: Setting CVar [[r.AmbientOcclusionMaxQuality:100]]
[2023.03.23-21.03.15:818][  0]LogConfig: Setting CVar [[r.AmbientOcclusionLevels:-1]]
[2023.03.23-21.03.15:818][  0]LogConfig: Setting CVar [[r.AmbientOcclusionRadiusScale:1.0]]
[2023.03.23-21.03.15:818][  0]LogConfig: Setting CVar [[r.DepthOfFieldQuality:2]]
[2023.03.23-21.03.15:818][  0]LogConfig: Setting CVar [[r.RenderTargetPoolMin:400]]
[2023.03.23-21.03.15:818][  0]LogConfig: Setting CVar [[r.LensFlareQuality:2]]
[2023.03.23-21.03.15:818][  0]LogConfig: Setting CVar [[r.SceneColorFringeQuality:1]]
[2023.03.23-21.03.15:818][  0]LogConfig: Setting CVar [[r.EyeAdaptationQuality:2]]
[2023.03.23-21.03.15:818][  0]LogConfig: Setting CVar [[r.BloomQuality:5]]
[2023.03.23-21.03.15:818][  0]LogConfig: Setting CVar [[r.FastBlurThreshold:100]]
[2023.03.23-21.03.15:818][  0]LogConfig: Setting CVar [[r.Upscale.Quality:3]]
[2023.03.23-21.03.15:818][  0]LogConfig: Setting CVar [[r.Tonemapper.GrainQuantization:1]]
[2023.03.23-21.03.15:818][  0]LogConfig: Setting CVar [[r.LightShaftQuality:1]]
[2023.03.23-21.03.15:818][  0]LogConfig: Setting CVar [[r.Filter.SizeScale:1]]
[2023.03.23-21.03.15:818][  0]LogConfig: Setting CVar [[r.Tonemapper.Quality:5]]
[2023.03.23-21.03.15:818][  0]LogConfig: Setting CVar [[r.DOF.Gather.AccumulatorQuality:1        ; higher gathering accumulator quality]]
[2023.03.23-21.03.15:818][  0]LogConfig: Setting CVar [[r.DOF.Gather.PostfilterMethod:1          ; Median3x3 postfilering method]]
[2023.03.23-21.03.15:819][  0]LogConfig: Setting CVar [[r.DOF.Gather.EnableBokehSettings:0       ; no bokeh simulation when gathering]]
[2023.03.23-21.03.15:819][  0]LogConfig: Setting CVar [[r.DOF.Gather.RingCount:4                 ; medium number of samples when gathering]]
[2023.03.23-21.03.15:819][  0]LogConfig: Setting CVar [[r.DOF.Scatter.ForegroundCompositing:1    ; additive foreground scattering]]
[2023.03.23-21.03.15:819][  0]LogConfig: Setting CVar [[r.DOF.Scatter.BackgroundCompositing:2    ; additive background scattering]]
[2023.03.23-21.03.15:819][  0]LogConfig: Setting CVar [[r.DOF.Scatter.EnableBokehSettings:1      ; bokeh simulation when scattering]]
[2023.03.23-21.03.15:819][  0]LogConfig: Setting CVar [[r.DOF.Scatter.MaxSpriteRatio:0.1         ; only a maximum of 10% of scattered bokeh]]
[2023.03.23-21.03.15:819][  0]LogConfig: Setting CVar [[r.DOF.Recombine.Quality:1                ; cheap slight out of focus]]
[2023.03.23-21.03.15:819][  0]LogConfig: Setting CVar [[r.DOF.Recombine.EnableBokehSettings:0    ; no bokeh simulation on slight out of focus]]
[2023.03.23-21.03.15:819][  0]LogConfig: Setting CVar [[r.DOF.TemporalAAQuality:1                ; more stable temporal accumulation]]
[2023.03.23-21.03.15:819][  0]LogConfig: Setting CVar [[r.DOF.Kernel.MaxForegroundRadius:0.025]]
[2023.03.23-21.03.15:819][  0]LogConfig: Setting CVar [[r.DOF.Kernel.MaxBackgroundRadius:0.025]]
[2023.03.23-21.03.15:819][  0]LogConfig: Applying CVar settings from Section [TextureQuality@3] File [C:/Users/Neshka/Documents/GitHub/3D-Game-repository/SolarJump/Saved/Config/Windows/Scalability.ini]
[2023.03.23-21.03.15:819][  0]LogConfig: Setting CVar [[r.Streaming.MipBias:0]]
[2023.03.23-21.03.15:819][  0]LogConfig: Setting CVar [[r.Streaming.AmortizeCPUToGPUCopy:0]]
[2023.03.23-21.03.15:819][  0]LogConfig: Setting CVar [[r.Streaming.MaxNumTexturesToStreamPerFrame:0]]
[2023.03.23-21.03.15:819][  0]LogConfig: Setting CVar [[r.Streaming.Boost:1]]
[2023.03.23-21.03.15:819][  0]LogConfig: Setting CVar [[r.MaxAnisotropy:8]]
[2023.03.23-21.03.15:819][  0]LogConfig: Setting CVar [[r.VT.MaxAnisotropy:8]]
[2023.03.23-21.03.15:819][  0]LogConfig: Setting CVar [[r.Streaming.LimitPoolSizeToVRAM:0]]
[2023.03.23-21.03.15:819][  0]LogConfig: Setting CVar [[r.Streaming.PoolSize:1000]]
[2023.03.23-21.03.15:819][  0]LogConfig: Setting CVar [[r.Streaming.MaxEffectiveScreenSize:0]]
[2023.03.23-21.03.15:819][  0]LogConfig: Applying CVar settings from Section [EffectsQuality@3] File [C:/Users/Neshka/Documents/GitHub/3D-Game-repository/SolarJump/Saved/Config/Windows/Scalability.ini]
[2023.03.23-21.03.15:819][  0]LogConfig: Setting CVar [[r.TranslucencyLightingVolumeDim:64]]
[2023.03.23-21.03.15:819][  0]LogConfig: Setting CVar [[r.RefractionQuality:2]]
[2023.03.23-21.03.15:819][  0]LogConfig: Setting CVar [[r.SSR.Quality:3]]
[2023.03.23-21.03.15:819][  0]LogConfig: Setting CVar [[r.SSR.HalfResSceneColor:0]]
[2023.03.23-21.03.15:819][  0]LogConfig: Setting CVar [[r.SceneColorFormat:4]]
[2023.03.23-21.03.15:819][  0]LogConfig: Setting CVar [[r.DetailMode:2]]
[2023.03.23-21.03.15:819][  0]LogConfig: Setting CVar [[r.TranslucencyVolumeBlur:1]]
[2023.03.23-21.03.15:819][  0]LogConfig: Setting CVar [[r.MaterialQualityLevel:1 ; High quality]]
[2023.03.23-21.03.15:819][  0]LogConfig: Setting CVar [[r.AnisotropicMaterials:1]]
[2023.03.23-21.03.15:819][  0]LogConfig: Setting CVar [[r.SSS.Scale:1]]
[2023.03.23-21.03.15:819][  0]LogConfig: Setting CVar [[r.SSS.SampleSet:2]]
[2023.03.23-21.03.15:819][  0]LogConfig: Setting CVar [[r.SSS.Quality:1]]
[2023.03.23-21.03.15:819][  0]LogConfig: Setting CVar [[r.SSS.HalfRes:0]]
[2023.03.23-21.03.15:819][  0]LogConfig: Setting CVar [[r.SSGI.Quality:3]]
[2023.03.23-21.03.15:819][  0]LogConfig: Setting CVar [[r.EmitterSpawnRateScale:1.0]]
[2023.03.23-21.03.15:819][  0]LogConfig: Setting CVar [[r.ParticleLightQuality:2]]
[2023.03.23-21.03.15:819][  0]LogConfig: Setting CVar [[r.SkyAtmosphere.AerialPerspectiveLUT.FastApplyOnOpaque:1 ; Always have FastSkyLUT 1 in this case to avoid wrong sky]]
[2023.03.23-21.03.15:819][  0]LogConfig: Setting CVar [[r.SkyAtmosphere.AerialPerspectiveLUT.SampleCountMaxPerSlice:4]]
[2023.03.23-21.03.15:819][  0]LogConfig: Setting CVar [[r.SkyAtmosphere.AerialPerspectiveLUT.DepthResolution:16.0]]
[2023.03.23-21.03.15:819][  0]LogConfig: Setting CVar [[r.SkyAtmosphere.FastSkyLUT:1]]
[2023.03.23-21.03.15:819][  0]LogConfig: Setting CVar [[r.SkyAtmosphere.FastSkyLUT.SampleCountMin:4.0]]
[2023.03.23-21.03.15:819][  0]LogConfig: Setting CVar [[r.SkyAtmosphere.FastSkyLUT.SampleCountMax:128.0]]
[2023.03.23-21.03.15:819][  0]LogConfig: Setting CVar [[r.SkyAtmosphere.SampleCountMin:4.0]]
[2023.03.23-21.03.15:819][  0]LogConfig: Setting CVar [[r.SkyAtmosphere.SampleCountMax:128.0]]
[2023.03.23-21.03.15:819][  0]LogConfig: Setting CVar [[r.SkyAtmosphere.TransmittanceLUT.UseSmallFormat:0]]
[2023.03.23-21.03.15:819][  0]LogConfig: Setting CVar [[r.SkyAtmosphere.TransmittanceLUT.SampleCount:10.0]]
[2023.03.23-21.03.15:819][  0]LogConfig: Setting CVar [[r.SkyAtmosphere.MultiScatteringLUT.SampleCount:15.0]]
[2023.03.23-21.03.15:819][  0]LogConfig: Setting CVar [[r.SkyLight.RealTimeReflectionCapture:1]]
[2023.03.23-21.03.15:819][  0]LogConfig: Applying CVar settings from Section [FoliageQuality@3] File [C:/Users/Neshka/Documents/GitHub/3D-Game-repository/SolarJump/Saved/Config/Windows/Scalability.ini]
[2023.03.23-21.03.15:819][  0]LogConfig: Setting CVar [[foliage.DensityScale:1.0]]
[2023.03.23-21.03.15:819][  0]LogConfig: Setting CVar [[grass.DensityScale:1.0]]
[2023.03.23-21.03.15:819][  0]LogConfig: Applying CVar settings from Section [ShadingQuality@3] File [C:/Users/Neshka/Documents/GitHub/3D-Game-repository/SolarJump/Saved/Config/Windows/Scalability.ini]
[2023.03.23-21.03.15:819][  0]LogConfig: Setting CVar [[r.HairStrands.SkyLighting.IntegrationType:2]]
[2023.03.23-21.03.15:819][  0]LogConfig: Setting CVar [[r.HairStrands.SkyAO.SampleCount:4]]
[2023.03.23-21.03.15:819][  0]LogConfig: Setting CVar [[r.HairStrands.Visibility.MSAA.SamplePerPixel:4]]
[2023.03.23-21.03.15:819][  0]LogConfig: Applying CVar settings from Section [Startup] File [../../../Engine/Config/ConsoleVariables.ini]
[2023.03.23-21.03.15:820][  0]LogConfig: Setting CVar [[net.UseAdaptiveNetUpdateFrequency:0]]
[2023.03.23-21.03.15:820][  0]LogConfig: Setting CVar [[p.chaos.AllowCreatePhysxBodies:1]]
[2023.03.23-21.03.15:820][  0]LogConfig: Setting CVar [[fx.SkipVectorVMBackendOptimizations:1]]
[2023.03.23-21.03.15:820][  0]LogConfig: Applying CVar settings from Section [ConsoleVariables] File [C:/Users/Neshka/Documents/GitHub/3D-Game-repository/SolarJump/Saved/Config/Windows/Engine.ini]
[2023.03.23-21.03.15:820][  0]LogConfig: Applying CVar settings from Section [ConsoleVariables] File [C:/Users/Neshka/Documents/GitHub/3D-Game-repository/SolarJump/Saved/Config/Windows/Editor.ini]
[2023.03.23-21.03.15:820][  0]LogInit: Computer: DESKTOP-PSCVPLU
[2023.03.23-21.03.15:820][  0]LogInit: User: Neshka
[2023.03.23-21.03.15:820][  0]LogInit: CPU Page size=4096, Cores=4
[2023.03.23-21.03.15:820][  0]LogInit: High frequency timer resolution =10.000000 MHz
[2023.03.23-21.03.15:820][  0]LogMemory: Memory total: Physical=13.9GB (14GB approx)
[2023.03.23-21.03.15:820][  0]LogMemory: Platform Memory Stats for Windows
[2023.03.23-21.03.15:820][  0]LogMemory: Process Physical Memory: 145.97 MB used, 145.97 MB peak
[2023.03.23-21.03.15:820][  0]LogMemory: Process Virtual Memory: 128.38 MB used, 128.38 MB peak
[2023.03.23-21.03.15:820][  0]LogMemory: Physical Memory: 7216.97 MB used,  7044.52 MB free, 14261.49 MB total
[2023.03.23-21.03.15:820][  0]LogMemory: Virtual Memory: 134210808.00 MB used,  6919.85 MB free, 134217728.00 MB total
[2023.03.23-21.03.15:828][  0]LogWindows: WindowsPlatformFeatures enabled
[2023.03.23-21.03.16:066][  0]LogInit: Physics initialised using underlying interface: PhysX
[2023.03.23-21.03.16:084][  0]LogInit: Using OS detected language (en-GB).
[2023.03.23-21.03.16:084][  0]LogInit: Using OS detected locale (en-GB).
[2023.03.23-21.03.16:108][  0]LogTextLocalizationManager: No specific localization for 'en-GB' exists, so the 'en' localization will be used.
[2023.03.23-21.03.16:633][  0]LogInit: Setting process to per monitor DPI aware
[2023.03.23-21.03.16:679][  0]LogWindowsTextInputMethodSystem: Display: IME system deactivated.
[2023.03.23-21.03.16:791][  0]LogSlate: New Slate User Created.  User Index 0, Is Virtual User: 0
[2023.03.23-21.03.16:791][  0]LogSlate: Slate User Registered.  User Index 0, Is Virtual User: 0
[2023.03.23-21.03.17:385][  0]LogD3D11RHI: Loaded GFSDK_Aftermath_Lib.x64.dll
[2023.03.23-21.03.17:389][  0]LogHMD: Failed to initialize OpenVR with code 110
[2023.03.23-21.03.17:389][  0]LogD3D11RHI: D3D11 min allowed feature level: 11_0
[2023.03.23-21.03.17:389][  0]LogD3D11RHI: D3D11 max allowed feature level: 11_0
[2023.03.23-21.03.17:389][  0]LogD3D11RHI: D3D11 adapters:
[2023.03.23-21.03.17:527][  0]LogD3D11RHI:    0. 'NVIDIA GeForce GTX 1650' (Feature Level 11_0)
[2023.03.23-21.03.17:527][  0]LogD3D11RHI:       3949/0/7130 MB DedicatedVideo/DedicatedSystem/SharedSystem, Outputs:2, VendorId:0x10de
[2023.03.23-21.03.17:531][  0]LogD3D11RHI:    1. 'Microsoft Basic Render Driver' (Feature Level 11_0)
[2023.03.23-21.03.17:531][  0]LogD3D11RHI:       0/0/7130 MB DedicatedVideo/DedicatedSystem/SharedSystem, Outputs:0, VendorId:0x1414
[2023.03.23-21.03.17:531][  0]LogD3D11RHI: Chosen D3D11 Adapter:
[2023.03.23-21.03.17:531][  0]LogD3D11RHI:     Description : NVIDIA GeForce GTX 1650
[2023.03.23-21.03.17:531][  0]LogD3D11RHI:     VendorId    : 10de
[2023.03.23-21.03.17:531][  0]LogD3D11RHI:     DeviceId    : 1f82
[2023.03.23-21.03.17:531][  0]LogD3D11RHI:     SubSysId    : 8d921462
[2023.03.23-21.03.17:531][  0]LogD3D11RHI:     Revision    : 00a1
[2023.03.23-21.03.17:531][  0]LogD3D11RHI:     DedicatedVideoMemory : 4140826624 bytes
[2023.03.23-21.03.17:531][  0]LogD3D11RHI:     DedicatedSystemMemory : 0 bytes
[2023.03.23-21.03.17:531][  0]LogD3D11RHI:     SharedSystemMemory : 7477129216 bytes
[2023.03.23-21.03.17:531][  0]LogD3D11RHI:     AdapterLuid : 0 56084
[2023.03.23-21.03.17:538][  0]LogD3D11RHI: Creating new Direct3DDevice
[2023.03.23-21.03.17:538][  0]LogD3D11RHI:     GPU DeviceId: 0x1f82 (for the marketing name, search the web for "GPU Device Id")
[2023.03.23-21.03.17:538][  0]LogWindows: EnumDisplayDevices:
[2023.03.23-21.03.17:538][  0]LogWindows:    0. 'NVIDIA GeForce GTX 1650' (P:1 D:1)
[2023.03.23-21.03.17:538][  0]LogWindows:    1. 'NVIDIA GeForce GTX 1650' (P:0 D:1)
[2023.03.23-21.03.17:538][  0]LogWindows:    2. 'NVIDIA GeForce GTX 1650' (P:0 D:0)
[2023.03.23-21.03.17:538][  0]LogWindows:    3. 'NVIDIA GeForce GTX 1650' (P:0 D:0)
[2023.03.23-21.03.17:539][  0]LogWindows: DebugString: FoundDriverCount:4 
[2023.03.23-21.03.17:539][  0]LogD3D11RHI:     Adapter Name: NVIDIA GeForce GTX 1650
[2023.03.23-21.03.17:539][  0]LogD3D11RHI:   Driver Version: 528.49 (internal:31.0.15.2849, unified:528.49)
[2023.03.23-21.03.17:539][  0]LogD3D11RHI:      Driver Date: 2-2-2023
[2023.03.23-21.03.17:539][  0]LogRHI: Texture pool is 2764 MB (70% of 3949 MB)
[2023.03.23-21.03.17:539][  0]LogD3D11RHI: Creating D3DDevice using adapter:
[2023.03.23-21.03.17:539][  0]LogD3D11RHI:     Description : NVIDIA GeForce GTX 1650
[2023.03.23-21.03.17:539][  0]LogD3D11RHI:     VendorId    : 10de
[2023.03.23-21.03.17:539][  0]LogD3D11RHI:     DeviceId    : 1f82
[2023.03.23-21.03.17:539][  0]LogD3D11RHI:     SubSysId    : 8d921462
[2023.03.23-21.03.17:539][  0]LogD3D11RHI:     Revision    : 00a1
[2023.03.23-21.03.17:539][  0]LogD3D11RHI:     DedicatedVideoMemory : 4140826624 bytes
[2023.03.23-21.03.17:539][  0]LogD3D11RHI:     DedicatedSystemMemory : 0 bytes
[2023.03.23-21.03.17:539][  0]LogD3D11RHI:     SharedSystemMemory : 7477129216 bytes
[2023.03.23-21.03.17:539][  0]LogD3D11RHI:     AdapterLuid : 0 56084
[2023.03.23-21.03.17:617][  0]LogD3D11RHI: RHI has support for 64 bit atomics
[2023.03.23-21.03.17:617][  0]LogD3D11RHI: Async texture creation enabled
[2023.03.23-21.03.17:617][  0]LogD3D11RHI: Array index from any shader is supported
[2023.03.23-21.03.17:618][  0]LogD3D11RHI: HDR output is supported on display 0 (NvId: 0x80061081).
[2023.03.23-21.03.17:661][  0]LogD3D11RHI: GPU Timing Frequency: 1000.000000 (Debug: 2 1)
[2023.03.23-21.03.17:733][  0]LogRHI: GeForceNow SDK initialized: 1
[2023.03.23-21.03.18:514][  0]LogTargetPlatformManager: Display: Loaded TargetPlatform 'AllDesktop'
[2023.03.23-21.03.18:546][  0]LogTargetPlatformManager: Display: Loaded TargetPlatform 'Android'
[2023.03.23-21.03.18:546][  0]LogTargetPlatformManager: Display: Loaded TargetPlatform 'Android_ASTC'
[2023.03.23-21.03.18:546][  0]LogTargetPlatformManager: Display: Loaded TargetPlatform 'Android_DXT'
[2023.03.23-21.03.18:546][  0]LogTargetPlatformManager: Display: Loaded TargetPlatform 'Android_ETC2'
[2023.03.23-21.03.18:546][  0]LogTargetPlatformManager: Display: Loaded TargetPlatform 'AndroidClient'
[2023.03.23-21.03.18:546][  0]LogTargetPlatformManager: Display: Loaded TargetPlatform 'Android_ASTCClient'
[2023.03.23-21.03.18:546][  0]LogTargetPlatformManager: Display: Loaded TargetPlatform 'Android_DXTClient'
[2023.03.23-21.03.18:546][  0]LogTargetPlatformManager: Display: Loaded TargetPlatform 'Android_ETC2Client'
[2023.03.23-21.03.18:547][  0]LogTargetPlatformManager: Display: Loaded TargetPlatform 'Android_Multi'
[2023.03.23-21.03.18:547][  0]LogTargetPlatformManager: Display: Loaded TargetPlatform 'Android_MultiClient'
[2023.03.23-21.03.18:635][  0]LogTargetPlatformManager: Display: Loaded TargetPlatform 'IOSClient'
[2023.03.23-21.03.18:635][  0]LogTargetPlatformManager: Display: Loaded TargetPlatform 'IOS'
[2023.03.23-21.03.18:707][  0]LogTargetPlatformManager: Display: Loaded TargetPlatform 'Linux'
[2023.03.23-21.03.18:722][  0]LogTargetPlatformManager: Display: Loaded TargetPlatform 'LinuxNoEditor'
[2023.03.23-21.03.18:729][  0]LogTargetPlatformManager: Display: Loaded TargetPlatform 'LinuxClient'
[2023.03.23-21.03.18:736][  0]LogTargetPlatformManager: Display: Loaded TargetPlatform 'LinuxServer'
[2023.03.23-21.03.18:754][  0]LogTargetPlatformManager: Display: Loaded TargetPlatform 'LinuxAArch64NoEditor'
[2023.03.23-21.03.18:761][  0]LogTargetPlatformManager: Display: Loaded TargetPlatform 'LinuxAArch64Client'
[2023.03.23-21.03.18:769][  0]LogTargetPlatformManager: Display: Loaded TargetPlatform 'LinuxAArch64Server'
[2023.03.23-21.03.18:817][  0]LogTargetPlatformManager: Display: Loaded TargetPlatform 'Lumin'
[2023.03.23-21.03.18:817][  0]LogTargetPlatformManager: Display: Loaded TargetPlatform 'LuminClient'
[2023.03.23-21.03.18:846][  0]LogTargetPlatformManager: Display: Loaded TargetPlatform 'MacNoEditor'
[2023.03.23-21.03.18:855][  0]LogTargetPlatformManager: Display: Loaded TargetPlatform 'Mac'
[2023.03.23-21.03.18:866][  0]LogTargetPlatformManager: Display: Loaded TargetPlatform 'MacClient'
[2023.03.23-21.03.18:873][  0]LogTargetPlatformManager: Display: Loaded TargetPlatform 'MacServer'
[2023.03.23-21.03.18:892][  0]LogTargetPlatformManager: Display: Loaded TargetPlatform 'TVOSClient'
[2023.03.23-21.03.18:892][  0]LogTargetPlatformManager: Display: Loaded TargetPlatform 'TVOS'
[2023.03.23-21.03.18:918][  0]LogTargetPlatformManager: Display: Loaded TargetPlatform 'WindowsNoEditor'
[2023.03.23-21.03.18:934][  0]LogTargetPlatformManager: Display: Loaded TargetPlatform 'Windows'
[2023.03.23-21.03.18:951][  0]LogTargetPlatformManager: Display: Loaded TargetPlatform 'WindowsClient'
[2023.03.23-21.03.18:965][  0]LogTargetPlatformManager: Display: Loaded TargetPlatform 'WindowsServer'
[2023.03.23-21.03.18:965][  0]LogTargetPlatformManager: Display: Building Assets For Windows
[2023.03.23-21.03.19:054][  0]LogAudioDebug: Display: Lib vorbis DLL was dynamically loaded.
[2023.03.23-21.03.19:283][  0]LogTextureFormatOodle: Display: Oodle Texture 2.9.0 init RDO Off
[2023.03.23-21.03.19:423][  0]LogRendererCore: Ray tracing is disabled. Reason: r.RayTracing=0.
[2023.03.23-21.03.19:423][  0]LogShaderCompilers: Guid format shader working directory is -15 characters bigger than the processId version (C:/Users/Neshka/Documents/GitHub/3D-Game-repository/SolarJump/Intermediate/Shaders/WorkingDirectory/18108/).
[2023.03.23-21.03.19:424][  0]LogShaderCompilers: Cleaned the shader compiler working directory 'C:/Users/Neshka/AppData/Local/Temp/UnrealShaderWorkingDir/BB2714AB45C6B134010045B62A04F479/'.
[2023.03.23-21.03.19:424][  0]LogXGEController: Cannot use XGE Controller as Incredibuild is not installed on this machine.
[2023.03.23-21.03.19:424][  0]LogShaderCompilers: Cannot use XGE Shader Compiler as Incredibuild is not installed on this machine.
[2023.03.23-21.03.19:424][  0]LogShaderCompilers: Display: Using Local Shader Compiler.
[2023.03.23-21.03.20:516][  0]LogDerivedDataCache: Display: Max Cache Size: 512 MB
[2023.03.23-21.03.20:835][  0]LogDerivedDataCache: Loaded boot cache 0.32s 94MB C:/Users/Neshka/AppData/Local/UnrealEngine/4.27/DerivedDataCache/Boot.ddc.
[2023.03.23-21.03.20:835][  0]LogDerivedDataCache: Display: Loaded Boot cache: C:/Users/Neshka/AppData/Local/UnrealEngine/4.27/DerivedDataCache/Boot.ddc
[2023.03.23-21.03.20:835][  0]LogDerivedDataCache: FDerivedDataBackendGraph:  Pak pak cache file C:/Users/Neshka/Documents/GitHub/3D-Game-repository/SolarJump/DerivedDataCache/DDC.ddp not found, will not use a pak cache.
[2023.03.23-21.03.20:835][  0]LogDerivedDataCache: Unable to find inner node Pak for hierarchical cache Hierarchy.
[2023.03.23-21.03.20:835][  0]LogDerivedDataCache: FDerivedDataBackendGraph:  CompressedPak pak cache file C:/Users/Neshka/Documents/GitHub/3D-Game-repository/SolarJump/DerivedDataCache/Compressed.ddp not found, will not use a pak cache.
[2023.03.23-21.03.20:835][  0]LogDerivedDataCache: Unable to find inner node CompressedPak for hierarchical cache Hierarchy.
[2023.03.23-21.03.20:868][  0]LogDerivedDataCache: Display: Pak cache opened for reading ../../../Engine/DerivedDataCache/Compressed.ddp.
[2023.03.23-21.03.20:868][  0]LogDerivedDataCache: FDerivedDataBackendGraph:  EnterprisePak pak cache file ../../../Enterprise/DerivedDataCache/Compressed.ddp not found, will not use a pak cache.
[2023.03.23-21.03.20:868][  0]LogDerivedDataCache: Unable to find inner node EnterprisePak for hierarchical cache Hierarchy.
[2023.03.23-21.03.20:895][  0]LogDerivedDataCache: Speed tests for C:/Users/Neshka/AppData/Local/UnrealEngine/Common/DerivedDataCache took 0.03 seconds
[2023.03.23-21.03.20:896][  0]LogDerivedDataCache: Display: Performance to C:/Users/Neshka/AppData/Local/UnrealEngine/Common/DerivedDataCache: Latency=0.11ms. RandomReadSpeed=86.15MBs, RandomWriteSpeed=64.75MBs. Assigned SpeedClass 'Local'
[2023.03.23-21.03.20:896][  0]LogDerivedDataCache: Using Local data cache path C:/Users/Neshka/AppData/Local/UnrealEngine/Common/DerivedDataCache: Writable
[2023.03.23-21.03.20:896][  0]LogDerivedDataCache: Shared data cache path not found in *engine.ini, will not use an Shared cache.
[2023.03.23-21.03.20:896][  0]LogDerivedDataCache: Unable to find inner node Shared for hierarchical cache Hierarchy.
[2023.03.23-21.03.20:956][  0]LogSlate: Using FreeType 2.10.0
[2023.03.23-21.03.20:972][  0]LogSlate: SlateFontServices - WITH_FREETYPE: 1, WITH_HARFBUZZ: 1
[2023.03.23-21.03.21:432][  0]LogAssetRegistry: FAssetRegistry took 0.0034 seconds to start up
[2023.03.23-21.03.21:790][  0]LogInit: Selected Device Profile: [Windows]
[2023.03.23-21.03.21:791][  0]LogInit: Active device profile: [000001C17068C900][000001C169756880 49] Windows
[2023.03.23-21.03.21:791][  0]LogInit: Profiles: [000001C17068C900][000001C169756880 49] Windows, [000001C17065F800][000001C16975A9C0 49] WindowsNoEditor, [000001C17068F500][000001C1657CCB00 49] WindowsServer, [000001C17065CE00][000001C1657D4C80 49] WindowsClient, [000001C17068F800][000001C1657D8E00 49] IOS, [000001C17065E800][000001C1657DCF80 49] iPadAir, [000001C17068E000][000001C1657E1100 49] iPadAir2, [000001C17060CA00][000001C1653393C0 49] IPadPro, [000001C17060CB00][000001C165335400 49] iPadAir3, [000001C17065D800][000001C16533D580 49] iPadAir4, [000001C17060F400][000001C165341700 49] iPadMini2, [000001C17065EA00][000001C165345880 49] iPadMini3, [000001C17060D700][000001C165349A00 49] iPadMini4, [000001C17068D000][000001C16534DB80 49] iPadMini5, [000001C170614300][000001C170E242C0 49] iPhone6, [000001C170614400][000001C170E20300 49] iPodTouch6, [000001C17060F600][000001C170E2C5C0 49] iPhone7, [000001C17060D800][000001C170E28600 49] iPodTouch7, [000001C170617F00][000001C170E30780 49] iPhone5S, [000001C17065E300][000001C170E34900 49] iPhone6Plus, [000001C17060C200][000001C1657D0A40 49] iPhone6S, [000001C17065E200][000001C170E38B80 49] iPhone6SPlus, [000001C17060FC00][000001C170E3CCC0 49] iPhone7Plus, [000001C17065C100][000001C170E44E40 49] iPhoneSE, [000001C17060F500][000001C170E48FC0 49] iPhone8, [000001C17065DE00][000001C170E4D140 49] iPhone8Plus, [000001C17060D000][000001C170E512C0 49] iPhoneX, [000001C17065CA00][000001C170E55440 49] iPhoneXS, [000001C17060D200][000001C170E595C0 49] iPhoneXSMax, [000001C17065D500][000001C170E5D740 49] iPhoneXR, [000001C17060F700][000001C170E618C0 49] iPhone11, [000001C17065CD00][000001C170E65A40 49] iPhone11Pro, [000001C17060F800][000001C170E69BC0 49] iPhone11ProMax, [000001C17065CF00][000001C170E6C1C0 49] iPhoneSE2, [000001C17060EE00][000001C170E70340 49] iPhone12Mini, [000001C17065F100][000001C170E744C0 49] iPhone12, [000001C17060EB00][000001C170E78640 49] iPhone12Pro, [000001C17065C800][000001C170E7C7C0 49] iPhone12ProMax, [000001C17060E300][000001C170E80940 49] iPadPro105, [000001C17065EF00][000001C170E84AC0 49] iPadPro129, [000001C17060E000][000001C170E40C00 49] iPadPro97, [000001C17065D300][000001C170E88D40 49] iPadPro2_129, [000001C17060DA00][000001C170E8CE80 49] iPad5, [000001C17065DA00][000001C170E90FC0 49] iPad6, [000001C17060E800][000001C170E99140 49] iPad7, [000001C17065CC00][000001C170E9D2C0 49] iPad8, [000001C17060F200][000001C170EA1440 49] iPadPro11, [000001C17065D600][000001C170EA55C0 49] iPadPro2_11, [000001C17060DC00][000001C170EA9740 49] iPadPro3_129, [000001C17065F900][000001C170EAD8C0 49] iPadPro4_129, [000001C17060D500][000001C170EB1A40 49] AppleTV, [000001C17065C300][000001C170EB5BC0 49] AppleTV4K, [000001C17060C100][000001C170EB81C0 49] TVOS, [000001C17065E400][000001C170EBC340 49] Mac, [000001C17060E100][000001C170EC04C0 49] MacClient, [000001C17065F400][000001C170EC4640 49] MacNoEditor, [000001C17060DF00][000001C170EC87C0 49] MacServer, [000001C17065C600][000001C170ECC940 49] Linux, [000001C17060E200][000001C170ED0AC0 49] LinuxAArch64, [000001C17065F600][000001C170ED4C40 49] LinuxNoEditor, [000001C17060DD00][000001C170E94D80 49] LinuxAArch64NoEditor, [000001C17065D400][000001C170ED8EC0 49] LinuxClient, [000001C17060F100][000001C170EDD000 49] LinuxAArch64Client, [000001C17065D900][000001C170EE1140 49] LinuxServer, [000001C17060F000][000001C170EE92C0 49] LinuxAArch64Server, [000001C17065E600][000001C170EED440 49] Android, [000001C17060C700][000001C170EF15C0 49] Android_Low, [000001C17065DB00][000001C170EF5740 49] Android_Mid, [000001C17068FA00][000001C170EF98C0 49] Android_High, [000001C170615C00][000001C170EFDA40 49] Android_Default, [000001C17068E100][000001C170F01BC0 49] Android_Adreno4xx, [000001C170616700][000001C170F041C0 49] Android_Adreno5xx_Low, [000001C17068CB00][000001C170F08340 49] Android_Adreno5xx, [000001C170616D00][000001C170F0C4C0 49] Android_Adreno6xx, [000001C17068D200][000001C170F10640 49] Android_Adreno6xx_Vulkan, [000001C170616800][000001C170F147C0 49] Android_Mali_T6xx, [000001C17068F200][000001C170F18940 49] Android_Mali_T7xx, [000001C170616E00][000001C170F1CAC0 49] Android_Mali_T8xx, [000001C17068E500][000001C170F20C40 49] Android_Mali_G71, [000001C170617E00][000001C170F24DC0 49] Android_Mali_G72, [000001C17068EA00][000001C170F28F40 49] Android_Mali_G72_Vulkan, [000001C170615B00][000001C170EE5080 49] Android_Mali_G76, [000001C17068DB00][000001C170F2D1C0 49] Android_Mali_G76_Vulkan, [000001C170617D00][000001C170F31300 49] Android_Mali_G77, [000001C17068ED00][000001C170F39480 49] Android_Mali_G77_Vulkan, [000001C170617900][000001C170F3D600 49] Android_Mali_G78, [000001C17068CD00][000001C170F41780 49] Android_Mali_G78_Vulkan, [000001C170614500][000001C170F45900 49] Android_Mali_G710, [000001C17068EB00][000001C170F49A80 49] Android_Mali_G710_Vulkan, [000001C170617500][000001C170F4DC00 49] Android_Vulkan_SM5, [000001C17068F400][000001C170F50200 49] Android_PowerVR_G6xxx, [000001C170616400][000001C170F54380 49] Android_PowerVR_GT7xxx, [000001C17068FC00][000001C170F58500 49] Android_PowerVR_GE8xxx, [000001C170616200][000001C170F5C680 49] Android_PowerVR_GM9xxx, [000001C17068F000][000001C170F60800 49] Android_PowerVR_GM9xxx_Vulkan, [000001C170615500][000001C170F64980 49] Android_TegraK1, [000001C17068D100][000001C170F68B00 49] Android_Unknown_Vulkan, [000001C17065FD00][000001C170F6CC80 49] Lumin, [000001C17068E900][000001C170F70E00 49] Lumin_Desktop, [000001C17065FE00][000001C170F74F80 49] HoloLens, 
[2023.03.23-21.03.22:654][  0]LogMeshReduction: Using QuadricMeshReduction for automatic static mesh reduction
[2023.03.23-21.03.22:654][  0]LogMeshReduction: Using SimplygonMeshReduction for automatic skeletal mesh reduction
[2023.03.23-21.03.22:654][  0]LogMeshReduction: Using ProxyLODMeshReduction for automatic mesh merging
[2023.03.23-21.03.22:654][  0]LogMeshReduction: No distributed automatic mesh merging module available
[2023.03.23-21.03.22:654][  0]LogMeshMerging: No distributed automatic mesh merging module available
[2023.03.23-21.03.22:820][  0]LogNetVersion: SolarJump 1.0.0, NetCL: 17155196, EngineNetVer: 17, GameNetVer: 0 (Checksum: 3116017040)
[2023.03.23-21.03.28:210][  0]LogTexture: Default maximum texture size for cubemaps generated from long-lat sources has been changed from 512 to unlimited. In order to preserve old behaiour for '/Engine/MapTemplates/Sky/DaylightAmbientCubemap.DaylightAmbientCubemap', its maximum texture size has been explicitly set to 512.
[2023.03.23-21.03.28:422][  0]LogHMD: PokeAHoleMaterial loaded successfully
[2023.03.23-21.03.28:429][  0]LogUObjectArray: 17178 objects as part of root set at end of initial load.
[2023.03.23-21.03.28:429][  0]LogUObjectAllocator: 4302048 out of 0 bytes used by permanent object pool.
[2023.03.23-21.03.28:429][  0]LogUObjectArray: CloseDisregardForGC: 0/0 objects in disregard for GC pool
[2023.03.23-21.03.30:453][  0]LogNiagaraDebuggerClient: Niagara Debugger Client Initialized | Session: 93E68C524150F400945EBE9C9F9F5051 | Instance: FFF8420344A3370A2678FE9A8EE8058A (DESKTOP-PSCVPLU-18108).
[2023.03.23-21.03.30:733][  0]LogPython: Using Python 3.7.7
[2023.03.23-21.03.32:046][  0]LogTcpMessaging: Initializing TcpMessaging bridge
[2023.03.23-21.03.32:063][  0]LogUdpMessaging: Initializing bridge on interface 0.0.0.0:0 to multicast group 230.0.0.1:6666.
[2023.03.23-21.03.32:694][  0]SourceControl: Source control is disabled
[2023.03.23-21.03.32:695][  0]SourceControl: Source control is disabled
[2023.03.23-21.03.32:722][  0]SourceControl: Source control is disabled
[2023.03.23-21.03.32:737][  0]SourceControl: Source control is disabled
[2023.03.23-21.03.32:797][  0]SourceControl: Source control is disabled
[2023.03.23-21.03.32:819][  0]LogUProjectInfo: Found projects:
[2023.03.23-21.03.33:971][  0]LogOpenImageDenoise: OIDN starting up
[2023.03.23-21.03.34:210][  0]LogAndroidPermission: UAndroidPermissionCallbackProxy::GetInstance
[2023.03.23-21.03.34:290][  0]LogAudioCaptureCore: Display: No Audio Capture implementations found. Audio input will be silent.
[2023.03.23-21.03.34:290][  0]LogAudioCaptureCore: Display: No Audio Capture implementations found. Audio input will be silent.
[2023.03.23-21.03.34:878][  0]LogCollectionManager: Loaded 0 collections in 0.001037 seconds
[2023.03.23-21.03.34:933][  0]LogFileCache: Scanning file cache for directory 'C:/Users/Neshka/Documents/GitHub/3D-Game-repository/SolarJump/Saved/Collections/' took 0.00s
[2023.03.23-21.03.34:933][  0]LogFileCache: Scanning file cache for directory 'C:/Users/Neshka/Documents/GitHub/3D-Game-repository/SolarJump/Content/Developers/Neshka/Collections/' took 0.00s
[2023.03.23-21.03.34:933][  0]LogFileCache: Scanning file cache for directory 'C:/Users/Neshka/Documents/GitHub/3D-Game-repository/SolarJump/Content/Collections/' took 0.00s
[2023.03.23-21.03.34:997][  0]LogOcInput: OculusInput pre-init called
[2023.03.23-21.03.35:540][  0]LogEngine: Initializing Engine...
[2023.03.23-21.03.35:582][  0]LogHMD: Failed to enumerate extensions. Please check that you have a valid OpenXR runtime installed.
[2023.03.23-21.03.35:582][  0]LogHMD: Failed to initialize OpenVR with code 110
[2023.03.23-21.03.35:582][  0]LogMagicLeap: Warning: VR disabled because ZI is not enabled.  To enable, in the editor, Edit -> Project Settings -> Plugins -> Magic Leap Plugin -> Enable Zero Iteration
[2023.03.23-21.03.35:583][  0]LogStats: UGameplayTagsManager::InitializeManager -  0.000 s
[2023.03.23-21.03.35:890][  0]LogInit: Initializing FReadOnlyCVARCache
[2023.03.23-21.03.35:927][  0]LogAIModule: Creating AISystem for world Untitled
[2023.03.23-21.03.35:927][  0]LogAudio: Display: Initializing Audio Device Manager...
[2023.03.23-21.03.35:940][  0]LogAudio: Display: Loading Default Audio Settings Objects...
[2023.03.23-21.03.35:948][  0]LogAudio: Display: No default SoundConcurrencyObject specified (or failed to load).
[2023.03.23-21.03.35:953][  0]LogAudio: Display: Audio Device Manager Initialized
[2023.03.23-21.03.35:953][  0]LogAudio: Display: Creating Audio Device:                 Id: 1, Scope: Shared, Realtime: True
[2023.03.23-21.03.35:953][  0]LogAudioMixer: Display: Audio Mixer Platform Settings:
[2023.03.23-21.03.35:953][  0]LogAudioMixer: Display: 	Sample Rate:						  48000
[2023.03.23-21.03.35:953][  0]LogAudioMixer: Display: 	Callback Buffer Frame Size Requested: 1024
[2023.03.23-21.03.35:953][  0]LogAudioMixer: Display: 	Callback Buffer Frame Size To Use:	  1024
[2023.03.23-21.03.35:953][  0]LogAudioMixer: Display: 	Number of buffers to queue:			  2
[2023.03.23-21.03.35:953][  0]LogAudioMixer: Display: 	Max Channels (voices):				  32
[2023.03.23-21.03.35:953][  0]LogAudioMixer: Display: 	Number of Async Source Workers:		  0
[2023.03.23-21.03.35:953][  0]LogAudio: Display: AudioDevice MaxSources: 32
[2023.03.23-21.03.35:953][  0]LogAudio: Display: Audio Spatialization Plugin: None (built-in).
[2023.03.23-21.03.35:954][  0]LogAudio: Display: Audio Reverb Plugin: None (built-in).
[2023.03.23-21.03.35:954][  0]LogAudio: Display: Audio Occlusion Plugin: None (built-in).
[2023.03.23-21.03.35:954][  0]LogAudioMixer: Display: Initializing audio mixer.
[2023.03.23-21.03.36:003][  0]LogAudioMixer: Display: 0: FrontLeft
[2023.03.23-21.03.36:003][  0]LogAudioMixer: Display: 1: FrontRight
[2023.03.23-21.03.36:045][  0]LogAudioMixer: Display: Using Audio Device Headset Earphone (3- Arctis 7 Chat)
[2023.03.23-21.03.36:046][  0]LogAudioMixer: Display: Initializing Sound Submixes...
[2023.03.23-21.03.36:073][  0]LogAudioMixer: Display: Creating Master Submix 'MasterSubmixDefault'
[2023.03.23-21.03.36:073][  0]LogAudioMixer: Display: Creating Master Submix 'MasterReverbSubmixDefault'
[2023.03.23-21.03.36:074][  0]LogAudioMixer: Display: Creating Master Submix 'MasterEQSubmixDefault'
[2023.03.23-21.03.36:074][  0]LogAudioMixer: FMixerPlatformXAudio2::StartAudioStream() called
[2023.03.23-21.03.36:074][  0]LogAudioMixer: Display: Output buffers initialized: Frames=1024, Channels=2, Samples=2048
[2023.03.23-21.03.36:075][  0]LogAudioMixer: Display: Starting AudioMixerPlatformInterface::RunInternal()
[2023.03.23-21.03.36:075][  0]LogAudioMixer: Display: FMixerPlatformXAudio2::SubmitBuffer() called for the first time
[2023.03.23-21.03.36:075][  0]LogInit: FAudioDevice initialized.
[2023.03.23-21.03.36:076][  0]LogAudio: Display: Audio Device (ID: 1) registered with world 'Untitled'.
[2023.03.23-21.03.36:076][  0]LogNetVersion: Set ProjectVersion to 1.0.0.0. Version Checksum will be recalculated on next use.
[2023.03.23-21.03.36:169][  0]LogDerivedDataCache: Saved boot cache 0.09s 94MB C:/Users/Neshka/AppData/Local/UnrealEngine/4.27/DerivedDataCache/Boot.ddc.
[2023.03.23-21.03.36:170][  0]LogInit: Texture streaming: Enabled
[2023.03.23-21.03.36:250][  0]LogAnalytics: Display: [UEEditor.Rocket.Release] APIServer = https://datarouter.ol.epicgames.com/. AppVersion = 4.27.2-18319896+++UE4+Release-4.27
[2023.03.23-21.03.36:263][  0]LogEngineSessionManager: EngineSessionManager initialized
[2023.03.23-21.03.36:263][  0]LogEditorSessionSummary: Verbose: Initializing EditorSessionSummaryWriter for editor session tracking
[2023.03.23-21.03.36:269][  0]LogEditorSessionSummary: EditorSessionSummaryWriter initialized
[2023.03.23-21.03.36:380][  0]LogInit: Transaction tracking system initialized
[2023.03.23-21.03.36:558][  0]BlueprintLog: New page: Editor Load
[2023.03.23-21.03.36:850][  0]LocalizationService: Localization service is disabled
[2023.03.23-21.03.36:972][  0]TimingProfiler: Initialize
[2023.03.23-21.03.36:972][  0]TimingProfiler: OnSessionChanged
[2023.03.23-21.03.36:972][  0]LoadingProfiler: Initialize
[2023.03.23-21.03.36:972][  0]LoadingProfiler: OnSessionChanged
[2023.03.23-21.03.36:972][  0]NetworkingProfiler: Initialize
[2023.03.23-21.03.36:972][  0]NetworkingProfiler: OnSessionChanged
[2023.03.23-21.03.36:972][  0]MemoryProfiler: Initialize
[2023.03.23-21.03.36:972][  0]MemoryProfiler: OnSessionChanged
[2023.03.23-21.03.37:748][  0]LogCook: Display: CookSettings for Memory: MemoryMaxUsedVirtual 0MiB, MemoryMaxUsedPhysical 16384MiB, MemoryMinFreeVirtual 0MiB, MemoryMinFreePhysical 1024MiB
[2023.03.23-21.03.37:748][  0]LogCook: Display: Mobile HDR setting 1
[2023.03.23-21.03.38:332][  0]LogFileCache: Scanning file cache for directory 'C:/Users/Neshka/Documents/GitHub/3D-Game-repository/SolarJump/Content/' took 0.01s
[2023.03.23-21.03.39:339][  0]LogInit: Display: Engine is initialized. Leaving FEngineLoop::Init()
[2023.03.23-21.03.39:356][  0]SourceControl: Source control is disabled
[2023.03.23-21.03.39:356][  0]LogUnrealEdMisc: Loading editor; pre map load, took 44.672
[2023.03.23-21.03.39:356][  0]Cmd: MAP LOAD FILE="C:/Users/Neshka/Documents/GitHub/3D-Game-repository/SolarJump/Content/ThirdPersonBP/Maps/ThirdPersonExampleMap.umap" TEMPLATE=0 SHOWPROGRESS=1 FEATURELEVEL=3
[2023.03.23-21.03.39:356][  0]LogEditorServer: Warning: Can't find file 'C:/Users/Neshka/Documents/GitHub/3D-Game-repository/SolarJump/Content/ThirdPersonBP/Maps/ThirdPersonExampleMap.umap'
[2023.03.23-21.03.39:356][  0]Cmd: MAP CHECKDEP NOCLEARLOG
[2023.03.23-21.03.39:356][  0]MapCheck: Map check complete: 0 Error(s), 0 Warning(s), took 0.188ms to complete.
[2023.03.23-21.03.39:356][  0]LogFileHelpers: Loading map 'ThirdPersonExampleMap' took 0.001
[2023.03.23-21.03.39:358][  0]LogUnrealEdMisc: Total Editor Startup Time, took 44.674
[2023.03.23-21.03.39:562][  0]LogSlate: Updating window title bar state: overlay mode, drag disabled, window buttons hidden, title bar hidden
[2023.03.23-21.03.39:570][  0]LogSlate: Updating window title bar state: overlay mode, drag disabled, window buttons hidden, title bar hidden
[2023.03.23-21.03.39:578][  0]LogSlate: Updating window title bar state: overlay mode, drag disabled, window buttons hidden, title bar hidden
[2023.03.23-21.03.39:586][  0]LogSlate: Updating window title bar state: overlay mode, drag disabled, window buttons hidden, title bar hidden
[2023.03.23-21.03.39:621][  0]LogNativeClassHierarchy: Verbose: Native class hierarchy populated in 0.0128 seconds. Added 3822 classes and 928 folders.
[2023.03.23-21.03.39:637][  0]LogNativeClassHierarchy: Verbose: Native class hierarchy updated for 'WidgetCarousel' in 0.0003 seconds. Added 0 classes and 0 folders.
[2023.03.23-21.03.39:685][  0]LogPakFile: PakFile PrimaryIndexSize=187
[2023.03.23-21.03.39:685][  0]LogPakFile: PakFile PathHashIndexSize=101
[2023.03.23-21.03.39:685][  0]LogPakFile: PakFile FullDirectoryIndexSize=148
[2023.03.23-21.03.39:685][  0]LogShaderLibrary: Display: ShaderCodeLibraryPakFileMountedCallback: PakFile 'D:/UE_4.27/FeaturePacks/FP_FirstPerson.upack' (chunk index -1, root 'root:/') mounted
[2023.03.23-21.03.39:685][  0]LogShaderLibrary: Display: ShaderCodeLibraryPakFileMountedCallback: pending pak file info (ChunkID:-1 Root:root:/ File:D:/UE_4.27/FeaturePacks/FP_FirstPerson.upack)
[2023.03.23-21.03.39:685][  0]LogPakFile: OnPakFileMounted2Time == 0.000083
[2023.03.23-21.03.39:694][  0]LogPakFile: PakFile PrimaryIndexSize=189
[2023.03.23-21.03.39:694][  0]LogPakFile: PakFile PathHashIndexSize=101
[2023.03.23-21.03.39:694][  0]LogPakFile: PakFile FullDirectoryIndexSize=152
[2023.03.23-21.03.39:694][  0]LogShaderLibrary: Display: ShaderCodeLibraryPakFileMountedCallback: PakFile 'D:/UE_4.27/FeaturePacks/FP_FirstPersonBP.upack' (chunk index -1, root 'root:/') mounted
[2023.03.23-21.03.39:694][  0]LogShaderLibrary: Display: ShaderCodeLibraryPakFileMountedCallback: pending pak file info (ChunkID:-1 Root:root:/ File:D:/UE_4.27/FeaturePacks/FP_FirstPersonBP.upack)
[2023.03.23-21.03.39:694][  0]LogPakFile: OnPakFileMounted2Time == 0.000056
[2023.03.23-21.03.39:703][  0]LogPakFile: PakFile PrimaryIndexSize=191
[2023.03.23-21.03.39:703][  0]LogPakFile: PakFile PathHashIndexSize=101
[2023.03.23-21.03.39:703][  0]LogPakFile: PakFile FullDirectoryIndexSize=160
[2023.03.23-21.03.39:703][  0]LogShaderLibrary: Display: ShaderCodeLibraryPakFileMountedCallback: PakFile 'D:/UE_4.27/FeaturePacks/MobileStarterContent.upack' (chunk index -1, root 'root:/') mounted
[2023.03.23-21.03.39:703][  0]LogShaderLibrary: Display: ShaderCodeLibraryPakFileMountedCallback: pending pak file info (ChunkID:-1 Root:root:/ File:D:/UE_4.27/FeaturePacks/MobileStarterContent.upack)
[2023.03.23-21.03.39:703][  0]LogPakFile: OnPakFileMounted2Time == 0.000052
[2023.03.23-21.03.39:713][  0]LogPakFile: PakFile PrimaryIndexSize=185
[2023.03.23-21.03.39:713][  0]LogPakFile: PakFile PathHashIndexSize=101
[2023.03.23-21.03.39:713][  0]LogPakFile: PakFile FullDirectoryIndexSize=148
[2023.03.23-21.03.39:713][  0]LogShaderLibrary: Display: ShaderCodeLibraryPakFileMountedCallback: PakFile 'D:/UE_4.27/FeaturePacks/StarterContent.upack' (chunk index -1, root 'root:/') mounted
[2023.03.23-21.03.39:713][  0]LogShaderLibrary: Display: ShaderCodeLibraryPakFileMountedCallback: pending pak file info (ChunkID:-1 Root:root:/ File:D:/UE_4.27/FeaturePacks/StarterContent.upack)
[2023.03.23-21.03.39:713][  0]LogPakFile: OnPakFileMounted2Time == 0.000055
[2023.03.23-21.03.39:715][  0]LogPakFile: PakFile PrimaryIndexSize=190
[2023.03.23-21.03.39:715][  0]LogPakFile: PakFile PathHashIndexSize=101
[2023.03.23-21.03.39:715][  0]LogPakFile: PakFile FullDirectoryIndexSize=154
[2023.03.23-21.03.39:715][  0]LogShaderLibrary: Display: ShaderCodeLibraryPakFileMountedCallback: PakFile 'D:/UE_4.27/FeaturePacks/TP_2DSideScroller.upack' (chunk index -1, root 'root:/') mounted
[2023.03.23-21.03.39:715][  0]LogShaderLibrary: Display: ShaderCodeLibraryPakFileMountedCallback: pending pak file info (ChunkID:-1 Root:root:/ File:D:/UE_4.27/FeaturePacks/TP_2DSideScroller.upack)
[2023.03.23-21.03.39:715][  0]LogPakFile: OnPakFileMounted2Time == 0.000047
[2023.03.23-21.03.39:722][  0]LogPakFile: PakFile PrimaryIndexSize=192
[2023.03.23-21.03.39:722][  0]LogPakFile: PakFile PathHashIndexSize=101
[2023.03.23-21.03.39:722][  0]LogPakFile: PakFile FullDirectoryIndexSize=158
[2023.03.23-21.03.39:722][  0]LogShaderLibrary: Display: ShaderCodeLibraryPakFileMountedCallback: PakFile 'D:/UE_4.27/FeaturePacks/TP_2DSideScrollerBP.upack' (chunk index -1, root 'root:/') mounted
[2023.03.23-21.03.39:722][  0]LogShaderLibrary: Display: ShaderCodeLibraryPakFileMountedCallback: pending pak file info (ChunkID:-1 Root:root:/ File:D:/UE_4.27/FeaturePacks/TP_2DSideScrollerBP.upack)
[2023.03.23-21.03.39:722][  0]LogPakFile: OnPakFileMounted2Time == 0.000048
[2023.03.23-21.03.39:730][  0]LogPakFile: PakFile PrimaryIndexSize=182
[2023.03.23-21.03.39:730][  0]LogPakFile: PakFile PathHashIndexSize=101
[2023.03.23-21.03.39:730][  0]LogPakFile: PakFile FullDirectoryIndexSize=138
[2023.03.23-21.03.39:730][  0]LogShaderLibrary: Display: ShaderCodeLibraryPakFileMountedCallback: PakFile 'D:/UE_4.27/FeaturePacks/TP_Flying.upack' (chunk index -1, root 'root:/') mounted
[2023.03.23-21.03.39:730][  0]LogShaderLibrary: Display: ShaderCodeLibraryPakFileMountedCallback: pending pak file info (ChunkID:-1 Root:root:/ File:D:/UE_4.27/FeaturePacks/TP_Flying.upack)
[2023.03.23-21.03.39:730][  0]LogPakFile: OnPakFileMounted2Time == 0.000059
[2023.03.23-21.03.39:736][  0]LogPakFile: PakFile PrimaryIndexSize=184
[2023.03.23-21.03.39:736][  0]LogPakFile: PakFile PathHashIndexSize=101
[2023.03.23-21.03.39:736][  0]LogPakFile: PakFile FullDirectoryIndexSize=142
[2023.03.23-21.03.39:736][  0]LogShaderLibrary: Display: ShaderCodeLibraryPakFileMountedCallback: PakFile 'D:/UE_4.27/FeaturePacks/TP_FlyingBP.upack' (chunk index -1, root 'root:/') mounted
[2023.03.23-21.03.39:736][  0]LogShaderLibrary: Display: ShaderCodeLibraryPakFileMountedCallback: pending pak file info (ChunkID:-1 Root:root:/ File:D:/UE_4.27/FeaturePacks/TP_FlyingBP.upack)
[2023.03.23-21.03.39:736][  0]LogPakFile: OnPakFileMounted2Time == 0.000048
[2023.03.23-21.03.39:752][  0]LogPakFile: PakFile PrimaryIndexSize=188
[2023.03.23-21.03.39:752][  0]LogPakFile: PakFile PathHashIndexSize=101
[2023.03.23-21.03.39:752][  0]LogPakFile: PakFile FullDirectoryIndexSize=150
[2023.03.23-21.03.39:752][  0]LogShaderLibrary: Display: ShaderCodeLibraryPakFileMountedCallback: PakFile 'D:/UE_4.27/FeaturePacks/TP_HandheldARBP.upack' (chunk index -1, root 'root:/') mounted
[2023.03.23-21.03.39:752][  0]LogShaderLibrary: Display: ShaderCodeLibraryPakFileMountedCallback: pending pak file info (ChunkID:-1 Root:root:/ File:D:/UE_4.27/FeaturePacks/TP_HandheldARBP.upack)
[2023.03.23-21.03.39:752][  0]LogPakFile: OnPakFileMounted2Time == 0.000051
[2023.03.23-21.03.39:762][  0]LogPakFile: PakFile PrimaryIndexSize=182
[2023.03.23-21.03.39:762][  0]LogPakFile: PakFile PathHashIndexSize=101
[2023.03.23-21.03.39:762][  0]LogPakFile: PakFile FullDirectoryIndexSize=138
[2023.03.23-21.03.39:762][  0]LogShaderLibrary: Display: ShaderCodeLibraryPakFileMountedCallback: PakFile 'D:/UE_4.27/FeaturePacks/TP_Puzzle.upack' (chunk index -1, root 'root:/') mounted
[2023.03.23-21.03.39:762][  0]LogShaderLibrary: Display: ShaderCodeLibraryPakFileMountedCallback: pending pak file info (ChunkID:-1 Root:root:/ File:D:/UE_4.27/FeaturePacks/TP_Puzzle.upack)
[2023.03.23-21.03.39:762][  0]LogPakFile: OnPakFileMounted2Time == 0.000047
[2023.03.23-21.03.39:773][  0]LogPakFile: PakFile PrimaryIndexSize=184
[2023.03.23-21.03.39:773][  0]LogPakFile: PakFile PathHashIndexSize=101
[2023.03.23-21.03.39:773][  0]LogPakFile: PakFile FullDirectoryIndexSize=142
[2023.03.23-21.03.39:773][  0]LogShaderLibrary: Display: ShaderCodeLibraryPakFileMountedCallback: PakFile 'D:/UE_4.27/FeaturePacks/TP_PuzzleBP.upack' (chunk index -1, root 'root:/') mounted
[2023.03.23-21.03.39:773][  0]LogShaderLibrary: Display: ShaderCodeLibraryPakFileMountedCallback: pending pak file info (ChunkID:-1 Root:root:/ File:D:/UE_4.27/FeaturePacks/TP_PuzzleBP.upack)
[2023.03.23-21.03.39:773][  0]LogPakFile: OnPakFileMounted2Time == 0.000048
[2023.03.23-21.03.39:775][  0]LogPakFile: PakFile PrimaryIndexSize=183
[2023.03.23-21.03.39:775][  0]LogPakFile: PakFile PathHashIndexSize=101
[2023.03.23-21.03.39:775][  0]LogPakFile: PakFile FullDirectoryIndexSize=140
[2023.03.23-21.03.39:775][  0]LogShaderLibrary: Display: ShaderCodeLibraryPakFileMountedCallback: PakFile 'D:/UE_4.27/FeaturePacks/TP_Rolling.upack' (chunk index -1, root 'root:/') mounted
[2023.03.23-21.03.39:775][  0]LogShaderLibrary: Display: ShaderCodeLibraryPakFileMountedCallback: pending pak file info (ChunkID:-1 Root:root:/ File:D:/UE_4.27/FeaturePacks/TP_Rolling.upack)
[2023.03.23-21.03.39:775][  0]LogPakFile: OnPakFileMounted2Time == 0.000046
[2023.03.23-21.03.39:777][  0]LogPakFile: PakFile PrimaryIndexSize=185
[2023.03.23-21.03.39:777][  0]LogPakFile: PakFile PathHashIndexSize=101
[2023.03.23-21.03.39:777][  0]LogPakFile: PakFile FullDirectoryIndexSize=144
[2023.03.23-21.03.39:777][  0]LogShaderLibrary: Display: ShaderCodeLibraryPakFileMountedCallback: PakFile 'D:/UE_4.27/FeaturePacks/TP_RollingBP.upack' (chunk index -1, root 'root:/') mounted
[2023.03.23-21.03.39:777][  0]LogShaderLibrary: Display: ShaderCodeLibraryPakFileMountedCallback: pending pak file info (ChunkID:-1 Root:root:/ File:D:/UE_4.27/FeaturePacks/TP_RollingBP.upack)
[2023.03.23-21.03.39:777][  0]LogPakFile: OnPakFileMounted2Time == 0.000047
[2023.03.23-21.03.39:780][  0]LogPakFile: PakFile PrimaryIndexSize=188
[2023.03.23-21.03.39:780][  0]LogPakFile: PakFile PathHashIndexSize=101
[2023.03.23-21.03.39:780][  0]LogPakFile: PakFile FullDirectoryIndexSize=150
[2023.03.23-21.03.39:780][  0]LogShaderLibrary: Display: ShaderCodeLibraryPakFileMountedCallback: PakFile 'D:/UE_4.27/FeaturePacks/TP_SideScroller.upack' (chunk index -1, root 'root:/') mounted
[2023.03.23-21.03.39:780][  0]LogShaderLibrary: Display: ShaderCodeLibraryPakFileMountedCallback: pending pak file info (ChunkID:-1 Root:root:/ File:D:/UE_4.27/FeaturePacks/TP_SideScroller.upack)
[2023.03.23-21.03.39:780][  0]LogPakFile: OnPakFileMounted2Time == 0.000047
[2023.03.23-21.03.39:782][  0]LogPakFile: PakFile PrimaryIndexSize=190
[2023.03.23-21.03.39:782][  0]LogPakFile: PakFile PathHashIndexSize=101
[2023.03.23-21.03.39:782][  0]LogPakFile: PakFile FullDirectoryIndexSize=154
[2023.03.23-21.03.39:782][  0]LogShaderLibrary: Display: ShaderCodeLibraryPakFileMountedCallback: PakFile 'D:/UE_4.27/FeaturePacks/TP_SideScrollerBP.upack' (chunk index -1, root 'root:/') mounted
[2023.03.23-21.03.39:782][  0]LogShaderLibrary: Display: ShaderCodeLibraryPakFileMountedCallback: pending pak file info (ChunkID:-1 Root:root:/ File:D:/UE_4.27/FeaturePacks/TP_SideScrollerBP.upack)
[2023.03.23-21.03.39:782][  0]LogPakFile: OnPakFileMounted2Time == 0.000049
[2023.03.23-21.03.39:792][  0]LogPakFile: PakFile PrimaryIndexSize=187
[2023.03.23-21.03.39:792][  0]LogPakFile: PakFile PathHashIndexSize=101
[2023.03.23-21.03.39:792][  0]LogPakFile: PakFile FullDirectoryIndexSize=148
[2023.03.23-21.03.39:792][  0]LogShaderLibrary: Display: ShaderCodeLibraryPakFileMountedCallback: PakFile 'D:/UE_4.27/FeaturePacks/TP_ThirdPerson.upack' (chunk index -1, root 'root:/') mounted
[2023.03.23-21.03.39:792][  0]LogShaderLibrary: Display: ShaderCodeLibraryPakFileMountedCallback: pending pak file info (ChunkID:-1 Root:root:/ File:D:/UE_4.27/FeaturePacks/TP_ThirdPerson.upack)
[2023.03.23-21.03.39:792][  0]LogPakFile: OnPakFileMounted2Time == 0.000048
[2023.03.23-21.03.39:795][  0]LogPakFile: PakFile PrimaryIndexSize=189
[2023.03.23-21.03.39:795][  0]LogPakFile: PakFile PathHashIndexSize=101
[2023.03.23-21.03.39:795][  0]LogPakFile: PakFile FullDirectoryIndexSize=152
[2023.03.23-21.03.39:795][  0]LogShaderLibrary: Display: ShaderCodeLibraryPakFileMountedCallback: PakFile 'D:/UE_4.27/FeaturePacks/TP_ThirdPersonBP.upack' (chunk index -1, root 'root:/') mounted
[2023.03.23-21.03.39:795][  0]LogShaderLibrary: Display: ShaderCodeLibraryPakFileMountedCallback: pending pak file info (ChunkID:-1 Root:root:/ File:D:/UE_4.27/FeaturePacks/TP_ThirdPersonBP.upack)
[2023.03.23-21.03.39:795][  0]LogPakFile: OnPakFileMounted2Time == 0.000049
[2023.03.23-21.03.39:797][  0]LogPakFile: PakFile PrimaryIndexSize=183
[2023.03.23-21.03.39:797][  0]LogPakFile: PakFile PathHashIndexSize=101
[2023.03.23-21.03.39:797][  0]LogPakFile: PakFile FullDirectoryIndexSize=140
[2023.03.23-21.03.39:797][  0]LogShaderLibrary: Display: ShaderCodeLibraryPakFileMountedCallback: PakFile 'D:/UE_4.27/FeaturePacks/TP_TopDown.upack' (chunk index -1, root 'root:/') mounted
[2023.03.23-21.03.39:797][  0]LogShaderLibrary: Display: ShaderCodeLibraryPakFileMountedCallback: pending pak file info (ChunkID:-1 Root:root:/ File:D:/UE_4.27/FeaturePacks/TP_TopDown.upack)
[2023.03.23-21.03.39:797][  0]LogPakFile: OnPakFileMounted2Time == 0.000058
[2023.03.23-21.03.39:801][  0]LogPakFile: PakFile PrimaryIndexSize=185
[2023.03.23-21.03.39:801][  0]LogPakFile: PakFile PathHashIndexSize=101
[2023.03.23-21.03.39:801][  0]LogPakFile: PakFile FullDirectoryIndexSize=144
[2023.03.23-21.03.39:801][  0]LogShaderLibrary: Display: ShaderCodeLibraryPakFileMountedCallback: PakFile 'D:/UE_4.27/FeaturePacks/TP_TopDownBP.upack' (chunk index -1, root 'root:/') mounted
[2023.03.23-21.03.39:801][  0]LogShaderLibrary: Display: ShaderCodeLibraryPakFileMountedCallback: pending pak file info (ChunkID:-1 Root:root:/ File:D:/UE_4.27/FeaturePacks/TP_TopDownBP.upack)
[2023.03.23-21.03.39:801][  0]LogPakFile: OnPakFileMounted2Time == 0.000050
[2023.03.23-21.03.39:819][  0]LogPakFile: PakFile PrimaryIndexSize=185
[2023.03.23-21.03.39:819][  0]LogPakFile: PakFile PathHashIndexSize=101
[2023.03.23-21.03.39:819][  0]LogPakFile: PakFile FullDirectoryIndexSize=144
[2023.03.23-21.03.39:819][  0]LogShaderLibrary: Display: ShaderCodeLibraryPakFileMountedCallback: PakFile 'D:/UE_4.27/FeaturePacks/TP_TwinStick.upack' (chunk index -1, root 'root:/') mounted
[2023.03.23-21.03.39:819][  0]LogShaderLibrary: Display: ShaderCodeLibraryPakFileMountedCallback: pending pak file info (ChunkID:-1 Root:root:/ File:D:/UE_4.27/FeaturePacks/TP_TwinStick.upack)
[2023.03.23-21.03.39:819][  0]LogPakFile: OnPakFileMounted2Time == 0.000054
[2023.03.23-21.03.39:823][  0]LogPakFile: PakFile PrimaryIndexSize=187
[2023.03.23-21.03.39:823][  0]LogPakFile: PakFile PathHashIndexSize=101
[2023.03.23-21.03.39:823][  0]LogPakFile: PakFile FullDirectoryIndexSize=148
[2023.03.23-21.03.39:823][  0]LogShaderLibrary: Display: ShaderCodeLibraryPakFileMountedCallback: PakFile 'D:/UE_4.27/FeaturePacks/TP_TwinStickBP.upack' (chunk index -1, root 'root:/') mounted
[2023.03.23-21.03.39:823][  0]LogShaderLibrary: Display: ShaderCodeLibraryPakFileMountedCallback: pending pak file info (ChunkID:-1 Root:root:/ File:D:/UE_4.27/FeaturePacks/TP_TwinStickBP.upack)
[2023.03.23-21.03.39:823][  0]LogPakFile: OnPakFileMounted2Time == 0.000048
[2023.03.23-21.03.39:840][  0]LogPakFile: PakFile PrimaryIndexSize=183
[2023.03.23-21.03.39:840][  0]LogPakFile: PakFile PathHashIndexSize=101
[2023.03.23-21.03.39:840][  0]LogPakFile: PakFile FullDirectoryIndexSize=140
[2023.03.23-21.03.39:840][  0]LogShaderLibrary: Display: ShaderCodeLibraryPakFileMountedCallback: PakFile 'D:/UE_4.27/FeaturePacks/TP_Vehicle.upack' (chunk index -1, root 'root:/') mounted
[2023.03.23-21.03.39:840][  0]LogShaderLibrary: Display: ShaderCodeLibraryPakFileMountedCallback: pending pak file info (ChunkID:-1 Root:root:/ File:D:/UE_4.27/FeaturePacks/TP_Vehicle.upack)
[2023.03.23-21.03.39:841][  0]LogPakFile: OnPakFileMounted2Time == 0.000066
[2023.03.23-21.03.39:843][  0]LogPakFile: PakFile PrimaryIndexSize=186
[2023.03.23-21.03.39:843][  0]LogPakFile: PakFile PathHashIndexSize=101
[2023.03.23-21.03.39:843][  0]LogPakFile: PakFile FullDirectoryIndexSize=146
[2023.03.23-21.03.39:843][  0]LogShaderLibrary: Display: ShaderCodeLibraryPakFileMountedCallback: PakFile 'D:/UE_4.27/FeaturePacks/TP_VehicleAdv.upack' (chunk index -1, root 'root:/') mounted
[2023.03.23-21.03.39:843][  0]LogShaderLibrary: Display: ShaderCodeLibraryPakFileMountedCallback: pending pak file info (ChunkID:-1 Root:root:/ File:D:/UE_4.27/FeaturePacks/TP_VehicleAdv.upack)
[2023.03.23-21.03.39:843][  0]LogPakFile: OnPakFileMounted2Time == 0.000048
[2023.03.23-21.03.39:846][  0]LogPakFile: PakFile PrimaryIndexSize=188
[2023.03.23-21.03.39:846][  0]LogPakFile: PakFile PathHashIndexSize=101
[2023.03.23-21.03.39:846][  0]LogPakFile: PakFile FullDirectoryIndexSize=150
[2023.03.23-21.03.39:846][  0]LogShaderLibrary: Display: ShaderCodeLibraryPakFileMountedCallback: PakFile 'D:/UE_4.27/FeaturePacks/TP_VehicleAdvBP.upack' (chunk index -1, root 'root:/') mounted
[2023.03.23-21.03.39:846][  0]LogShaderLibrary: Display: ShaderCodeLibraryPakFileMountedCallback: pending pak file info (ChunkID:-1 Root:root:/ File:D:/UE_4.27/FeaturePacks/TP_VehicleAdvBP.upack)
[2023.03.23-21.03.39:846][  0]LogPakFile: OnPakFileMounted2Time == 0.000049
[2023.03.23-21.03.39:848][  0]LogPakFile: PakFile PrimaryIndexSize=185
[2023.03.23-21.03.39:848][  0]LogPakFile: PakFile PathHashIndexSize=101
[2023.03.23-21.03.39:848][  0]LogPakFile: PakFile FullDirectoryIndexSize=144
[2023.03.23-21.03.39:848][  0]LogShaderLibrary: Display: ShaderCodeLibraryPakFileMountedCallback: PakFile 'D:/UE_4.27/FeaturePacks/TP_VehicleBP.upack' (chunk index -1, root 'root:/') mounted
[2023.03.23-21.03.39:848][  0]LogShaderLibrary: Display: ShaderCodeLibraryPakFileMountedCallback: pending pak file info (ChunkID:-1 Root:root:/ File:D:/UE_4.27/FeaturePacks/TP_VehicleBP.upack)
[2023.03.23-21.03.39:848][  0]LogPakFile: OnPakFileMounted2Time == 0.000055
[2023.03.23-21.03.39:850][  0]LogPakFile: PakFile PrimaryIndexSize=192
[2023.03.23-21.03.39:850][  0]LogPakFile: PakFile PathHashIndexSize=101
[2023.03.23-21.03.39:850][  0]LogPakFile: PakFile FullDirectoryIndexSize=158
[2023.03.23-21.03.39:850][  0]LogShaderLibrary: Display: ShaderCodeLibraryPakFileMountedCallback: PakFile 'D:/UE_4.27/FeaturePacks/TP_VirtualRealityBP.upack' (chunk index -1, root 'root:/') mounted
[2023.03.23-21.03.39:850][  0]LogShaderLibrary: Display: ShaderCodeLibraryPakFileMountedCallback: pending pak file info (ChunkID:-1 Root:root:/ File:D:/UE_4.27/FeaturePacks/TP_VirtualRealityBP.upack)
[2023.03.23-21.03.39:850][  0]LogPakFile: OnPakFileMounted2Time == 0.000050
[2023.03.23-21.03.40:269][  0]LogNativeClassHierarchy: Verbose: Native class hierarchy updated for 'AddContentDialog' in 0.0003 seconds. Added 0 classes and 0 folders.
[2023.03.23-21.03.40:270][  0]LogNativeClassHierarchy: Verbose: Native class hierarchy updated for 'SceneOutliner' in 0.0003 seconds. Added 2 classes and 0 folders.
[2023.03.23-21.03.40:349][  0]LogSlate: Took 0.013500 seconds to synchronously load lazily loaded font '../../../Engine/Content/Slate/Fonts/Roboto-Regular.ttf' (155K)
[2023.03.23-21.03.40:358][  0]LogSlate: Took 0.008488 seconds to synchronously load lazily loaded font '../../../Engine/Content/Editor/Slate/Fonts/FontAwesome.ttf' (139K)
[2023.03.23-21.03.40:372][  0]LogSlate: Took 0.011480 seconds to synchronously load lazily loaded font '../../../Engine/Content/Slate/Fonts/Roboto-Bold.ttf' (160K)
[2023.03.23-21.03.40:536][  0]LogRenderer: Reallocating scene render targets to support 1208x572 Format 10 NumSamples 1 (Frame:1).
[2023.03.23-21.03.40:645][  0]LogNativeClassHierarchy: Verbose: Native class hierarchy updated for 'HierarchicalLODOutliner' in 0.0003 seconds. Added 0 classes and 0 folders.
[2023.03.23-21.03.40:646][  0]LogInput: Warning: Action Jump uses invalid key OculusGo_Left_Trigger_Click.
[2023.03.23-21.03.40:646][  0]LogInput: Warning: Action ResetVR uses invalid key OculusGo_Left_Trackpad_Click.
[2023.03.23-21.03.40:646][  0]LogInput: Warning: Use -RemoveInvalidKeys to remove instances of these keys from the action mapping.
[2023.03.23-21.03.40:646][  0]LogLoad: (Engine Initialization) Total time: 45.96 seconds
[2023.03.23-21.03.40:646][  0]LogLoad: (Engine Initialization) Total Blueprint compile time: 0.00 seconds
[2023.03.23-21.03.40:708][  0]LogAssetRegistry: Asset discovery search completed in 19.2760 seconds
[2023.03.23-21.03.40:740][  0]LogCollectionManager: Fixed up redirectors for 0 collections in 0.000003 seconds (updated 0 objects)
[2023.03.23-21.03.40:742][  0]LogContentStreaming: Texture pool size now 1000 MB
[2023.03.23-21.03.40:832][  2]LogSlate: Took 0.005642 seconds to synchronously load lazily loaded font '../../../Engine/Content/Slate/Fonts/Roboto-Light.ttf' (167K)
[2023.03.23-21.03.41:666][ 96]LogSlate: Took 0.000356 seconds to synchronously load lazily loaded font '../../../Engine/Content/Slate/Fonts/Roboto-Light.ttf' (167K)
[2023.03.23-21.03.45:285][492]LogAssetEditorSubsystem: Opening Asset editor for WidgetBlueprint /Game/UI/StartMenu.StartMenu
[2023.03.23-21.03.45:539][492]LogNativeClassHierarchy: Verbose: Native class hierarchy updated for 'BlueprintGraph' in 0.0007 seconds. Added 126 classes and 0 folders.
[2023.03.23-21.03.46:917][492]LogAssetEditorSubsystem: Opening Asset editor for Blueprint /Game/ThirdPersonBP/Blueprints/ThirdPersonCharacter.ThirdPersonCharacter
[2023.03.23-21.03.47:564][492]LogAssetEditorSubsystem: Opening Asset editor for Material /Game/Asteroids/NewMaterial.NewMaterial
[2023.03.23-21.03.47:566][492]LogMaterial: Display: Missing cached shadermap for NewMaterial in PCD3D_SM5, Default, SM5 (DDC key hash: 96FF97C4026471008157F8918CDEC83724B1AD68), compiling. 
[2023.03.23-21.03.47:603][492]LogShaderCompilers: Display: Submitted 12 shader compile jobs with 'Normal' priority
[2023.03.23-21.03.47:609][492]LogTexture: Default maximum texture size for cubemaps generated from long-lat sources has been changed from 512 to unlimited. In order to preserve old behaiour for '/Engine/EditorMaterials/AssetViewer/EpicQuadPanorama_CC+EV1.EpicQuadPanorama_CC+EV1', its maximum texture size has been explicitly set to 512.
[2023.03.23-21.03.47:758][492]LogTexture: Default maximum texture size for cubemaps generated from long-lat sources has been changed from 512 to unlimited. In order to preserve old behaiour for '/Engine/MapTemplates/Sky/SunsetAmbientCubemap.SunsetAmbientCubemap', its maximum texture size has been explicitly set to 512.
[2023.03.23-21.03.47:958][492]LogMaterial: Display: Missing cached shadermap for NewMaterial in PCD3D_SM5, Default, SM5 (DDC key hash: 5F021FC2461AE999CFB053D69C03A587B89B95BF), compiling. 
[2023.03.23-21.03.47:961][492]LogMaterial: Display: Missing cached shadermap for NewMaterial in PCD3D_SM5, Default, SM5 (DDC key hash: E60BBB3F20F76662130B63BFB002AB49B1EDA5BF), compiling. 
[2023.03.23-21.03.47:963][492]LogMaterial: Display: Missing cached shadermap for FMatExpressionPreview MaterialExpressionTextureSample_0 in PCD3D_SM5, Default, SM5 (DDC key hash: A4D22118B8C931F9AA934EDE12B90657C44785D4), compiling. 
[2023.03.23-21.03.47:965][492]LogMaterial: Display: Missing cached shadermap for FMatExpressionPreview MaterialExpressionTextureSample_1 in PCD3D_SM5, Default, SM5 (DDC key hash: 16D6DF317F7A2484917C6CC59048F60FB43293A0), compiling. 
[2023.03.23-21.03.47:966][492]LogMaterial: Display: Missing cached shadermap for FMatExpressionPreview MaterialExpressionTextureObject_0 in PCD3D_SM5, Default, SM5 (DDC key hash: 17DA021337F10C6B14B80D828903DC3D2B583B80), compiling. 
[2023.03.23-21.03.47:970][492]LogMaterial: Display: Missing cached shadermap for FMatExpressionPreview MaterialExpressionTextureObject_1 in PCD3D_SM5, Default, SM5 (DDC key hash: 2BC742C693161F37C60028201534EC8D61B8C9E3), compiling. 
[2023.03.23-21.03.47:995][492]LogAssetEditorSubsystem: Opening Asset editor for Blueprint /Game/System/BP_Guide_GameMode.BP_Guide_GameMode
[2023.03.23-21.03.48:402][492]LogAssetEditorSubsystem: Opening Asset editor for Blueprint /Game/System/BP_Guide_HUD.BP_Guide_HUD
[2023.03.23-21.03.49:134][492]MaterialEditorStats: Texture samplers: 0/16
[2023.03.23-21.03.49:134][492]MaterialEditorStats: Texture Lookups (Est.): VS(0), PS(2)
[2023.03.23-21.03.49:134][492]MaterialEditorStats: User interpolators: 2/4 Scalars (1/4 Vectors) (TexCoords: 2, Custom: 0)
[2023.03.23-21.03.49:148][492]LogSlate: Took 0.011832 seconds to synchronously load lazily loaded font '../../../Engine/Content/Slate/Fonts/Roboto-BoldCondensed.ttf' (158K)
[2023.03.23-21.03.49:284][493]LogSlate: Took 0.001624 seconds to synchronously load lazily loaded font '../../../Engine/Content/Slate/Fonts/Roboto-Italic.ttf' (157K)
[2023.03.23-21.03.49:326][494]LogShaderCompilers: Display: Submitted 2 shader compile jobs with 'ForceLocal' priority
[2023.03.23-21.03.49:326][494]LogShaderCompilers: Display: Worker (1/5): shaders left to compile 2
[2023.03.23-21.03.49:326][494]LogShaderCompilers: Display: Worker (2/5): shaders left to compile 1
[2023.03.23-21.03.49:326][494]LogShaderCompilers: Display: Started 2 'Local' shader compile jobs with 'ForceLocal' priority
[2023.03.23-21.03.49:326][494]LogShaderCompilers: Display: Submitted 10 shader compile jobs with 'Normal' priority
[2023.03.23-21.03.49:326][494]LogShaderCompilers: Display: Worker (3/5): shaders left to compile 10
[2023.03.23-21.03.49:326][494]LogShaderCompilers: Display: Worker (4/5): shaders left to compile 7
[2023.03.23-21.03.49:326][494]LogShaderCompilers: Display: Started 6 'Local' shader compile jobs with 'Normal' priority
[2023.03.23-21.03.50:011][527]LogShaderCompilers: Display: Worker (2/5): shaders left to compile 4
[2023.03.23-21.03.50:011][527]LogShaderCompilers: Display: Started 2 'Local' shader compile jobs with 'Normal' priority
[2023.03.23-21.03.50:169][536]LogShaderCompilers: Display: Worker (1/5): shaders left to compile 2
[2023.03.23-21.03.50:169][536]LogShaderCompilers: Display: Started 1 'Local' shader compile jobs with 'Normal' priority
[2023.03.23-21.03.50:190][537]MaterialEditorStats: Texture samplers: 4/16
[2023.03.23-21.03.50:190][537]MaterialEditorStats: Texture Lookups (Est.): VS(0), PS(2)
[2023.03.23-21.03.50:190][537]MaterialEditorStats: User interpolators: 2/4 Scalars (1/4 Vectors) (TexCoords: 2, Custom: 0)
[2023.03.23-21.03.51:039][574]LogShaderCompilers: Display: Worker (1/5): shaders left to compile 1
[2023.03.23-21.03.51:039][574]LogShaderCompilers: Display: Started 1 'Local' shader compile jobs with 'Normal' priority
[2023.03.23-21.03.52:997][718]MaterialEditorStats: Base pass shader: 127 instructions
[2023.03.23-21.03.52:997][718]MaterialEditorStats: Base pass shader with Surface Lightmap: 154 instructions
[2023.03.23-21.03.52:997][718]MaterialEditorStats: Base pass shader with Volumetric Lightmap: 201 instructions
[2023.03.23-21.03.52:997][718]MaterialEditorStats: Base pass vertex shader: 46 instructions
[2023.03.23-21.03.52:997][718]MaterialEditorStats: Texture samplers: 4/16
[2023.03.23-21.03.52:997][718]MaterialEditorStats: Texture Lookups (Est.): VS(0), PS(2)
[2023.03.23-21.03.52:997][718]MaterialEditorStats: User interpolators: 2/4 Scalars (1/4 Vectors) (TexCoords: 2, Custom: 0)
[2023.03.23-21.03.54:043][806]LogSlate: Took 0.011920 seconds to synchronously load lazily loaded font '../../../Engine/Content/Slate/Fonts/DroidSansMono.ttf' (77K)
[2023.03.23-21.03.54:150][812]LogShaderCompilers: Display: Submitted 2 shader compile jobs with 'ForceLocal' priority
[2023.03.23-21.03.54:151][812]LogShaderCompilers: Display: Worker (1/5): shaders left to compile 2
[2023.03.23-21.03.54:151][812]LogShaderCompilers: Display: Worker (2/5): shaders left to compile 1
[2023.03.23-21.03.54:151][812]LogShaderCompilers: Display: Started 2 'Local' shader compile jobs with 'ForceLocal' priority
[2023.03.23-21.03.54:155][812]LogShaderCompilers: Display: Submitted 2 shader compile jobs with 'ForceLocal' priority
[2023.03.23-21.03.54:169][813]LogShaderCompilers: Display: Worker (3/5): shaders left to compile 2
[2023.03.23-21.03.54:170][813]LogShaderCompilers: Display: Worker (4/5): shaders left to compile 1
[2023.03.23-21.03.54:170][813]LogShaderCompilers: Display: Started 2 'Local' shader compile jobs with 'ForceLocal' priority
[2023.03.23-21.03.54:264][814]LogShaderCompilers: Display: Submitted 2 shader compile jobs with 'ForceLocal' priority
[2023.03.23-21.03.54:264][814]LogShaderCompilers: Display: Submitted 2 shader compile jobs with 'ForceLocal' priority
[2023.03.23-21.03.54:723][829]LogShaderCompilers: Display: Worker (2/5): shaders left to compile 4
[2023.03.23-21.03.54:723][829]LogShaderCompilers: Display: Started 2 'Local' shader compile jobs with 'ForceLocal' priority
[2023.03.23-21.03.54:723][829]LogShaderCompilers: Display: Worker (4/5): shaders left to compile 2
[2023.03.23-21.03.54:723][829]LogShaderCompilers: Display: Started 1 'Local' shader compile jobs with 'ForceLocal' priority
[2023.03.23-21.03.54:760][831]LogShaderCompilers: Display: Worker (1/5): shaders left to compile 1
[2023.03.23-21.03.54:760][831]LogShaderCompilers: Display: Started 1 'Local' shader compile jobs with 'ForceLocal' priority
[2023.03.23-21.03.57:696][ 57]LogSlate: Window 'BP_Guide_HUD' being destroyed
[2023.03.23-21.03.58:877][197]LogSlate: Window 'Message Log' being destroyed
[2023.03.23-21.03.58:881][197]LogSlate: Window 'Message Log' being destroyed
[2023.03.23-21.06.23:668][675]LogSlate: Window 'Color Picker' being destroyed
[2023.03.23-21.06.38:002][840]LogSlate: Window 'Color Picker' being destroyed
[2023.03.23-21.07.29:373][ 27]LogSlate: Window 'Color Picker' being destroyed
[2023.03.23-21.07.41:521][364]BlueprintLog: New page: Compile BP_Guide_HUD
[2023.03.23-21.07.41:603][364]LogUObjectHash: Compacting FUObjectHashTables data took   4.68ms
[2023.03.23-21.07.42:228][424]Cmd: OBJ SAVEPACKAGE PACKAGE="/Game/System/BP_Guide_HUD" FILE="C:/Users/Neshka/Documents/GitHub/3D-Game-repository/SolarJump/Content/System/BP_Guide_HUD.uasset" SILENT=true
[2023.03.23-21.07.42:244][424]LogSavePackage: Moving 'C:/Users/Neshka/Documents/GitHub/3D-Game-repository/SolarJump/Saved/BP_Guide_HUDBCA711A245110D21CB5BBBA4CA485905.tmp' to 'C:/Users/Neshka/Documents/GitHub/3D-Game-repository/SolarJump/Content/System/BP_Guide_HUD.uasset'
[2023.03.23-21.07.42:261][424]AssetCheck: New page: Asset Save: BP_Guide_HUD
[2023.03.23-21.07.42:261][424]LogContentValidation: Display: Validating Blueprint /Game/System/BP_Guide_HUD.BP_Guide_HUD
